<testsuites id="" name="" tests="168" failures="117" skipped="0" errors="0" time="78.18134500000001">
<testsuite name="accessibility-audit.spec.ts" timestamp="2025-09-29T15:48:38.861Z" hostname="chromium" tests="8" failures="2" skipped="0" time="21.227" errors="0">
<testcase name="Accessibility Audit › Run comprehensive axe accessibility audit" classname="accessibility-audit.spec.ts" time="3.3">
<system-out>
<![CDATA[🔍 Accessibility Audit Results: { violations: [33m1[39m, passes: [33m20[39m, incomplete: [33m1[39m }
🚨 Accessibility Violations:
1. aria-progressbar-name: Ensure every ARIA progressbar node has an accessible name
   Impact: serious
   Help: https://dequeuniversity.com/rules/axe/4.10/aria-progressbar-name?application=playwright
   Nodes affected: 8
]]>
</system-out>
</testcase>
<testcase name="Accessibility Audit › Check keyboard navigation" classname="accessibility-audit.spec.ts" time="3.34">
<system-out>
<![CDATA[⌨️  Keyboard Navigation Analysis: {
  focusableElements: [33m13[39m,
  tabOrder: [ [32m'a'[39m, [32m'a'[39m, [32m'a'[39m, [32m'a'[39m, [32m'a'[39m ],
  skipLinks: []
}
]]>
</system-out>
</testcase>
<testcase name="Accessibility Audit › Validate ARIA labels and roles" classname="accessibility-audit.spec.ts" time="2.951">
<system-out>
<![CDATA[🏷️  ARIA Analysis: {
  totalIssues: [33m0[39m,
  missingAltText: [33m0[39m,
  missingLabels: [33m0[39m,
  missingRoles: [33m0[39m
}
]]>
</system-out>
</testcase>
<testcase name="Accessibility Audit › Check heading structure" classname="accessibility-audit.spec.ts" time="2.997">
<system-out>
<![CDATA[📋 Heading Structure Analysis: {
  totalHeadings: [33m8[39m,
  hasH1: [33mtrue[39m,
  orderIssues: [33m1[39m,
  headingLevels: [
    [32m'h1: ...'[39m,
    [32m'h3: Quick Stats...'[39m,
    [32m'h2: ...'[39m,
    [32m'h2: ...'[39m,
    [32m'h2: Core Competencies...'[39m,
    [32m'h3: Product & Strategy...'[39m,
    [32m'h3: Technical & Digital...'[39m,
    [32m'h2: Beyond the Spreadsheets...'[39m
  ]
}
⚠️  Heading Order Issues: [ [32m'Heading level 3 follows h1, skipping levels'[39m ]
]]>
</system-out>
</testcase>
<testcase name="Accessibility Audit › Test color contrast" classname="accessibility-audit.spec.ts" time="3.012">
<failure message="accessibility-audit.spec.ts:110:7 Test color contrast" type="FAILURE">
<![CDATA[  [chromium] › accessibility-audit.spec.ts:110:7 › Accessibility Audit › Test color contrast ───────

    Error: expect(received).toBeGreaterThan(expected)

    Expected: > 0
    Received:   0

      125 |
      126 |     // Should check some elements
    > 127 |     expect(contrastResults.length).toBeGreaterThan(0)
          |                                    ^
      128 |   })
      129 |
      130 |   test('Check focus indicators', async () => {
        at /Users/lukashosala/Documents/Claude AI apps/Portfolio by Lukas/tests/production/accessibility-audit.spec.ts:127:36

    attachment #1: screenshot (image/png) ──────────────────────────────────────────────────────────
    ../../test-results/accessibility-audit-Accessibility-Audit-Test-color-contrast-chromium/test-failed-1.png
    ────────────────────────────────────────────────────────────────────────────────────────────────

    attachment #2: video (video/webm) ──────────────────────────────────────────────────────────────
    ../../test-results/accessibility-audit-Accessibility-Audit-Test-color-contrast-chromium/video.webm
    ────────────────────────────────────────────────────────────────────────────────────────────────

    Error Context: ../../test-results/accessibility-audit-Accessibility-Audit-Test-color-contrast-chromium/error-context.md
]]>
</failure>
<system-out>
<![CDATA[🎨 Color Contrast Analysis: { elementsChecked: [33m0[39m, potentialIssues: [33m0[39m }

[[ATTACHMENT|../test-results/accessibility-audit-Accessibility-Audit-Test-color-contrast-chromium/test-failed-1.png]]

[[ATTACHMENT|../test-results/accessibility-audit-Accessibility-Audit-Test-color-contrast-chromium/video.webm]]

[[ATTACHMENT|../test-results/accessibility-audit-Accessibility-Audit-Test-color-contrast-chromium/error-context.md]]
]]>
</system-out>
</testcase>
<testcase name="Accessibility Audit › Check focus indicators" classname="accessibility-audit.spec.ts" time="1.786">
<system-out>
<![CDATA[🎯 Focus Indicator Analysis: { elementsChecked: [33m10[39m, elementsWithFocus: [33m10[39m, elementsWithoutFocus: [33m0[39m }
]]>
</system-out>
</testcase>
<testcase name="Accessibility Audit › Test with screen reader simulation" classname="accessibility-audit.spec.ts" time="1.661">
<system-out>
<![CDATA[🗣️  Screen Reader Compatibility: {
  landmarksCount: [33m4[39m,
  headingsCount: [33m8[39m,
  listsCount: [33m0[39m,
  imagesWithAlt: [33m0[39m,
  imagesWithoutAlt: [33m0[39m,
  buttonsWithLabels: [33m2[39m,
  linksWithText: [33m11[39m
}
]]>
</system-out>
</testcase>
<testcase name="Accessibility Audit › Mobile accessibility testing" classname="accessibility-audit.spec.ts" time="2.18">
<failure message="accessibility-audit.spec.ts:199:7 Mobile accessibility testing" type="FAILURE">
<![CDATA[  [chromium] › accessibility-audit.spec.ts:199:7 › Accessibility Audit › Mobile accessibility testing 

    Error: expect(received).toBeGreaterThan(expected)

    Expected: > 70
    Received:   0

      232 |     // Most touch targets should meet minimum size requirements
      233 |     const meetsMinimumPercentage = (touchTargets.filter(t => t.meetsMinimum).length / touchTargets.length) * 100
    > 234 |     expect(meetsMinimumPercentage).toBeGreaterThan(70) // At least 70% should meet minimum size
          |                                    ^
      235 |   })
      236 | })
        at /Users/lukashosala/Documents/Claude AI apps/Portfolio by Lukas/tests/production/accessibility-audit.spec.ts:234:36

    attachment #1: screenshot (image/png) ──────────────────────────────────────────────────────────
    ../../test-results/accessibility-audit-Access-5e1d5-obile-accessibility-testing-chromium/test-failed-1.png
    ────────────────────────────────────────────────────────────────────────────────────────────────

    attachment #2: video (video/webm) ──────────────────────────────────────────────────────────────
    ../../test-results/accessibility-audit-Access-5e1d5-obile-accessibility-testing-chromium/video.webm
    ────────────────────────────────────────────────────────────────────────────────────────────────

    Error Context: ../../test-results/accessibility-audit-Access-5e1d5-obile-accessibility-testing-chromium/error-context.md
]]>
</failure>
<system-out>
<![CDATA[📱 Mobile Touch Target Analysis: { elementsChecked: [33m10[39m, meetingMinimum: [33m0[39m, averageSize: [33m12[39m }

[[ATTACHMENT|../test-results/accessibility-audit-Access-5e1d5-obile-accessibility-testing-chromium/test-failed-1.png]]

[[ATTACHMENT|../test-results/accessibility-audit-Access-5e1d5-obile-accessibility-testing-chromium/video.webm]]

[[ATTACHMENT|../test-results/accessibility-audit-Access-5e1d5-obile-accessibility-testing-chromium/error-context.md]]
]]>
</system-out>
</testcase>
</testsuite>
<testsuite name="cross-deployment-comparison.spec.ts" timestamp="2025-09-29T15:48:38.861Z" hostname="chromium" tests="8" failures="3" skipped="0" time="22.337" errors="0">
<testcase name="Cross-Deployment Comparison › Compare About page availability and response codes" classname="cross-deployment-comparison.spec.ts" time="6.217">
<system-out>
<![CDATA[Deployment Comparison: {
  "production": {
    "url": "https://portfolio-by-lukas.vercel.app/about",
    "status": 200,
    "accessible": true
  },
  "preview": {
    "url": "https://portfolio-by-lukas-53leuy2oe-lukas-projects-946e068e.vercel.app/about",
    "status": 401,
    "accessible": false
  }
}
ℹ️  Preview URL is protected by Vercel authentication - this is expected behavior
]]>
</system-out>
</testcase>
<testcase name="Cross-Deployment Comparison › Compare page content structure (production only)" classname="cross-deployment-comparison.spec.ts" time="1.815">
<failure message="cross-deployment-comparison.spec.ts:67:7 Compare page content structure (production only)" type="FAILURE">
<![CDATA[  [chromium] › cross-deployment-comparison.spec.ts:67:7 › Cross-Deployment Comparison › Compare page content structure (production only) 

    Error: locator.isVisible: Error: strict mode violation: locator('[data-section="leadership"], section:has-text("Leadership")') resolved to 3 elements:
        1) <section class="mb-16">…</section> aka locator('section').filter({ hasText: 'Team LeadershipDigital' })
        2) <section class="mb-16">…</section> aka getByText('Core CompetenciesProduct &')
        3) <section class="mb-16">…</section> aka locator('section').filter({ hasText: 'Beyond the SpreadsheetsWhen I' })

    Call log:
        - checking visibility of locator('[data-section="leadership"], section:has-text("Leadership")')


       at ../pages/AboutPage.ts:152

      150 |
      151 |     for (const section of sections) {
    > 152 |       const isVisible = await section.locator.isVisible()
          |                                               ^
      153 |       const content = await section.locator.textContent()
      154 |       const hasImages = await section.locator.locator('img').count() > 0
      155 |       const hasButtons = await section.locator.locator('button').count() > 0
        at AboutPage.checkSectionContent (/Users/lukashosala/Documents/Claude AI apps/Portfolio by Lukas/tests/pages/AboutPage.ts:152:47)
        at /Users/lukashosala/Documents/Claude AI apps/Portfolio by Lukas/tests/production/cross-deployment-comparison.spec.ts:73:27

    attachment #1: screenshot (image/png) ──────────────────────────────────────────────────────────
    ../../test-results/cross-deployment-compariso-ac8e9--structure-production-only--chromium/test-failed-3.png
    ────────────────────────────────────────────────────────────────────────────────────────────────

    attachment #2: screenshot (image/png) ──────────────────────────────────────────────────────────
    ../../test-results/cross-deployment-compariso-ac8e9--structure-production-only--chromium/test-failed-1.png
    ────────────────────────────────────────────────────────────────────────────────────────────────

    attachment #3: screenshot (image/png) ──────────────────────────────────────────────────────────
    ../../test-results/cross-deployment-compariso-ac8e9--structure-production-only--chromium/test-failed-2.png
    ────────────────────────────────────────────────────────────────────────────────────────────────

    attachment #4: screenshot (image/png) ──────────────────────────────────────────────────────────
    ../../test-results/cross-deployment-compariso-ac8e9--structure-production-only--chromium/test-failed-4.png
    ────────────────────────────────────────────────────────────────────────────────────────────────

    Error Context: ../../test-results/cross-deployment-compariso-ac8e9--structure-production-only--chromium/error-context.md
]]>
</failure>
<system-out>
<![CDATA[
[[ATTACHMENT|../test-results/cross-deployment-compariso-ac8e9--structure-production-only--chromium/test-failed-3.png]]

[[ATTACHMENT|../test-results/cross-deployment-compariso-ac8e9--structure-production-only--chromium/test-failed-1.png]]

[[ATTACHMENT|../test-results/cross-deployment-compariso-ac8e9--structure-production-only--chromium/test-failed-2.png]]

[[ATTACHMENT|../test-results/cross-deployment-compariso-ac8e9--structure-production-only--chromium/test-failed-4.png]]

[[ATTACHMENT|../test-results/cross-deployment-compariso-ac8e9--structure-production-only--chromium/error-context.md]]
]]>
</system-out>
</testcase>
<testcase name="Cross-Deployment Comparison › Verify navigation functionality" classname="cross-deployment-comparison.spec.ts" time="3.237">
<system-out>
<![CDATA[✓ Navigation link / is accessible
✓ Navigation link /about is accessible
✓ Navigation link /skills is accessible
]]>
</system-out>
</testcase>
<testcase name="Cross-Deployment Comparison › Check responsive design" classname="cross-deployment-comparison.spec.ts" time="3.32">
<failure message="cross-deployment-comparison.spec.ts:114:7 Check responsive design" type="FAILURE">
<![CDATA[  [chromium] › cross-deployment-comparison.spec.ts:114:7 › Cross-Deployment Comparison › Check responsive design 

    Error: expect(received).toBe(expected) // Object.is equality

    Expected: true
    Received: false

      129 |     const desktopResult = responsiveResults.find(r => r.viewport === 'desktop')
      130 |
    > 131 |     expect(mobileResult?.mobileMenuVisible).toBe(true)
          |                                             ^
      132 |     expect(desktopResult?.navVisible).toBe(true)
      133 |   })
      134 |
        at /Users/lukashosala/Documents/Claude AI apps/Portfolio by Lukas/tests/production/cross-deployment-comparison.spec.ts:131:45

    attachment #1: screenshot (image/png) ──────────────────────────────────────────────────────────
    ../../test-results/cross-deployment-compariso-c08e8-son-Check-responsive-design-chromium/test-failed-3.png
    ────────────────────────────────────────────────────────────────────────────────────────────────

    attachment #2: screenshot (image/png) ──────────────────────────────────────────────────────────
    ../../test-results/cross-deployment-compariso-c08e8-son-Check-responsive-design-chromium/test-failed-4.png
    ────────────────────────────────────────────────────────────────────────────────────────────────

    attachment #3: screenshot (image/png) ──────────────────────────────────────────────────────────
    ../../test-results/cross-deployment-compariso-c08e8-son-Check-responsive-design-chromium/test-failed-2.png
    ────────────────────────────────────────────────────────────────────────────────────────────────

    attachment #4: screenshot (image/png) ──────────────────────────────────────────────────────────
    ../../test-results/cross-deployment-compariso-c08e8-son-Check-responsive-design-chromium/test-failed-1.png
    ────────────────────────────────────────────────────────────────────────────────────────────────

    Error Context: ../../test-results/cross-deployment-compariso-c08e8-son-Check-responsive-design-chromium/error-context.md
]]>
</failure>
<system-out>
<![CDATA[Responsive Design Check: [
  {
    viewport: [32m'mobile'[39m,
    dimensions: [32m'375x667'[39m,
    heroVisible: [33mtrue[39m,
    navVisible: [33mfalse[39m,
    mobileMenuVisible: [33mfalse[39m,
    hasHorizontalScroll: [33mfalse[39m
  },
  {
    viewport: [32m'tablet'[39m,
    dimensions: [32m'768x1024'[39m,
    heroVisible: [33mtrue[39m,
    navVisible: [33mtrue[39m,
    mobileMenuVisible: [33mfalse[39m,
    hasHorizontalScroll: [33mfalse[39m
  },
  {
    viewport: [32m'desktop'[39m,
    dimensions: [32m'1440x900'[39m,
    heroVisible: [33mtrue[39m,
    navVisible: [33mtrue[39m,
    mobileMenuVisible: [33mfalse[39m,
    hasHorizontalScroll: [33mfalse[39m
  }
]

[[ATTACHMENT|../test-results/cross-deployment-compariso-c08e8-son-Check-responsive-design-chromium/test-failed-3.png]]

[[ATTACHMENT|../test-results/cross-deployment-compariso-c08e8-son-Check-responsive-design-chromium/test-failed-4.png]]

[[ATTACHMENT|../test-results/cross-deployment-compariso-c08e8-son-Check-responsive-design-chromium/test-failed-2.png]]

[[ATTACHMENT|../test-results/cross-deployment-compariso-c08e8-son-Check-responsive-design-chromium/test-failed-1.png]]

[[ATTACHMENT|../test-results/cross-deployment-compariso-c08e8-son-Check-responsive-design-chromium/error-context.md]]
]]>
</system-out>
</testcase>
<testcase name="Cross-Deployment Comparison › Validate images and media" classname="cross-deployment-comparison.spec.ts" time="1.542">
<failure message="cross-deployment-comparison.spec.ts:135:7 Validate images and media" type="FAILURE">
<![CDATA[  [chromium] › cross-deployment-comparison.spec.ts:135:7 › Cross-Deployment Comparison › Validate images and media 

    Error: expect(received).toBeGreaterThan(expected)

    Expected: > 0
    Received:   0

      156 |     }
      157 |
    > 158 |     expect(imageCheck.length).toBeGreaterThan(0) // Should have some images
          |                               ^
      159 |   })
      160 |
      161 |   test('Test interactive elements', async () => {
        at /Users/lukashosala/Documents/Claude AI apps/Portfolio by Lukas/tests/production/cross-deployment-comparison.spec.ts:158:31

    attachment #1: screenshot (image/png) ──────────────────────────────────────────────────────────
    ../../test-results/cross-deployment-compariso-97e5e-n-Validate-images-and-media-chromium/test-failed-1.png
    ────────────────────────────────────────────────────────────────────────────────────────────────

    attachment #2: screenshot (image/png) ──────────────────────────────────────────────────────────
    ../../test-results/cross-deployment-compariso-97e5e-n-Validate-images-and-media-chromium/test-failed-2.png
    ────────────────────────────────────────────────────────────────────────────────────────────────

    Error Context: ../../test-results/cross-deployment-compariso-97e5e-n-Validate-images-and-media-chromium/error-context.md
]]>
</failure>
<system-out>
<![CDATA[Image Analysis: { totalImages: [33m0[39m, imagesWithAlt: [33m0[39m, loadedImages: [33m0[39m }

[[ATTACHMENT|../test-results/cross-deployment-compariso-97e5e-n-Validate-images-and-media-chromium/test-failed-1.png]]

[[ATTACHMENT|../test-results/cross-deployment-compariso-97e5e-n-Validate-images-and-media-chromium/test-failed-2.png]]

[[ATTACHMENT|../test-results/cross-deployment-compariso-97e5e-n-Validate-images-and-media-chromium/error-context.md]]
]]>
</system-out>
</testcase>
<testcase name="Cross-Deployment Comparison › Test interactive elements" classname="cross-deployment-comparison.spec.ts" time="2.546">
<system-out>
<![CDATA[Theme Toggle Test: {
  initialTheme: [32m'light'[39m,
  newTheme: [32m'light'[39m,
  toggled: [33mfalse[39m,
  toggleExists: [33mfalse[39m
}
Mobile Menu Test: { toggleExists: [33mfalse[39m, menuOpened: [33mfalse[39m, menuClosed: [33mfalse[39m }
]]>
</system-out>
</testcase>
<testcase name="Cross-Deployment Comparison › Check for console errors and warnings" classname="cross-deployment-comparison.spec.ts" time="3.549">
<system-out>
<![CDATA[Console Analysis: { totalMessages: [33m0[39m, errors: [33m0[39m, warnings: [33m0[39m }
]]>
</system-out>
</testcase>
<testcase name="Cross-Deployment Comparison › Compare deployment configuration differences" classname="cross-deployment-comparison.spec.ts" time="0.111">
<system-out>
<![CDATA[🔍 Deployment Analysis: {
  "production": {
    "url": "https://portfolio-by-lukas.vercel.app",
    "description": "Main production deployment",
    "expectedStatus": 200,
    "features": [
      "Full functionality",
      "Public access",
      "SEO optimized"
    ]
  },
  "preview": {
    "url": "https://portfolio-by-lukas-53leuy2oe-lukas-projects-946e068e.vercel.app",
    "description": "Vercel preview deployment with authentication",
    "expectedStatus": 401,
    "features": [
      "Vercel SSO protection",
      "Preview-only access",
      "Not indexed by search engines"
    ],
    "issue": "Protected by Vercel preview authentication system"
  }
}
✅ Preview URL authentication is working as expected (401 response)
✅ Production URL is publicly accessible (200 response)
]]>
</system-out>
</testcase>
</testsuite>
<testsuite name="performance-testing.spec.ts" timestamp="2025-09-29T15:48:38.861Z" hostname="chromium" tests="8" failures="2" skipped="0" time="29.556" errors="0">
<testcase name="Performance Testing › Measure page load performance" classname="performance-testing.spec.ts" time="3.644">
<system-out>
<![CDATA[⚡ Page Performance Metrics: {
  [32m'Load Time'[39m: [32m'0.00ms'[39m,
  [32m'DOM Content Loaded'[39m: [32m'0.00ms'[39m,
  [32m'First Contentful Paint'[39m: [32m'0.00ms'[39m,
  [32m'Network Requests'[39m: [32m'24'[39m,
  [32m'Total Size'[39m: [32m'270.74KB'[39m
}
📊 Total Load Duration: 3447ms
]]>
</system-out>
</testcase>
<testcase name="Performance Testing › Measure Core Web Vitals" classname="performance-testing.spec.ts" time="4.876">
<system-out>
<![CDATA[🎯 Core Web Vitals: {
  [32m'First Contentful Paint'[39m: [32m'Not measured'[39m,
  [32m'Largest Contentful Paint'[39m: [32m'Not measured'[39m,
  [32m'Cumulative Layout Shift'[39m: [32m'Not measured'[39m,
  [32m'First Input Delay'[39m: [32m'Not measured'[39m,
  [32m'Time to First Byte'[39m: [32m'69.00ms'[39m
}
]]>
</system-out>
</testcase>
<testcase name="Performance Testing › Audit network requests" classname="performance-testing.spec.ts" time="0.688">
<failure message="performance-testing.spec.ts:57:7 Audit network requests" type="FAILURE">
<![CDATA[  [chromium] › performance-testing.spec.ts:57:7 › Performance Testing › Audit network requests ─────

    TypeError: response.timing is not a function

      67 |     aboutPage.page.on('response', async (response) => {
      68 |       const request = response.request()
    > 69 |       const timing = response.timing()
         |                               ^
      70 |
      71 |       try {
      72 |         const body = await response.body()
        at Page.<anonymous> (/Users/lukashosala/Documents/Claude AI apps/Portfolio by Lukas/tests/production/performance-testing.spec.ts:69:31)

    Error: page.goto: Test ended.
    Call log:
      - navigating to "https://portfolio-by-lukas.vercel.app/about", waiting until "load"


       at ../pages/AboutPage.ts:29

      27 |
      28 |   async goto() {
    > 29 |     await this.page.goto('/about')
         |                     ^
      30 |     await this.waitForPageLoad()
      31 |   }
      32 |
        at AboutPage.goto (/Users/lukashosala/Documents/Claude AI apps/Portfolio by Lukas/tests/pages/AboutPage.ts:29:21)
        at /Users/lukashosala/Documents/Claude AI apps/Portfolio by Lukas/tests/production/performance-testing.spec.ts:86:21

    attachment #1: screenshot (image/png) ──────────────────────────────────────────────────────────
    ../../test-results/performance-testing-Perfor-0b658-ting-Audit-network-requests-chromium/test-failed-2.png
    ────────────────────────────────────────────────────────────────────────────────────────────────

    attachment #2: screenshot (image/png) ──────────────────────────────────────────────────────────
    ../../test-results/performance-testing-Perfor-0b658-ting-Audit-network-requests-chromium/test-failed-1.png
    ────────────────────────────────────────────────────────────────────────────────────────────────

    attachment #3: screenshot (image/png) ──────────────────────────────────────────────────────────
    ../../test-results/performance-testing-Perfor-0b658-ting-Audit-network-requests-chromium/test-failed-3.png
    ────────────────────────────────────────────────────────────────────────────────────────────────

    attachment #4: video (video/webm) ──────────────────────────────────────────────────────────────
    ../../test-results/performance-testing-Perfor-0b658-ting-Audit-network-requests-chromium/video.webm
    ────────────────────────────────────────────────────────────────────────────────────────────────

    Error Context: ../../test-results/performance-testing-Perfor-0b658-ting-Audit-network-requests-chromium/error-context.md
]]>
</failure>
<system-out>
<![CDATA[
[[ATTACHMENT|../test-results/performance-testing-Perfor-0b658-ting-Audit-network-requests-chromium/test-failed-2.png]]

[[ATTACHMENT|../test-results/performance-testing-Perfor-0b658-ting-Audit-network-requests-chromium/test-failed-1.png]]

[[ATTACHMENT|../test-results/performance-testing-Perfor-0b658-ting-Audit-network-requests-chromium/test-failed-3.png]]

[[ATTACHMENT|../test-results/performance-testing-Perfor-0b658-ting-Audit-network-requests-chromium/video.webm]]

[[ATTACHMENT|../test-results/performance-testing-Perfor-0b658-ting-Audit-network-requests-chromium/error-context.md]]
]]>
</system-out>
</testcase>
<testcase name="Performance Testing › Check image optimization" classname="performance-testing.spec.ts" time="1.659">
<system-out>
<![CDATA[🖼️  Image Optimization Analysis: { totalImages: [33m0[39m, lazyLoadedImages: [33m0[39m, issues: [33m0[39m }
]]>
</system-out>
</testcase>
<testcase name="Performance Testing › Performance comparison across viewports" classname="performance-testing.spec.ts" time="9.478">
<failure message="performance-testing.spec.ts:147:7 Performance comparison across viewports" type="FAILURE">
<![CDATA[  [chromium] › performance-testing.spec.ts:147:7 › Performance Testing › Performance comparison across viewports 

    Error: expect(received).toBeLessThan(expected)

    Expected: < 50
    Received:   NaN

      185 |
      186 |       // Mobile shouldn't be significantly slower than desktop
    > 187 |       expect(Math.abs(comparison.loadTime.percentChange)).toBeLessThan(50) // Less than 50% difference
          |                                                           ^
      188 |     }
      189 |
      190 |     // All viewports should meet basic performance criteria
        at /Users/lukashosala/Documents/Claude AI apps/Portfolio by Lukas/tests/production/performance-testing.spec.ts:187:59

    attachment #1: screenshot (image/png) ──────────────────────────────────────────────────────────
    ../../test-results/performance-testing-Perfor-45275-comparison-across-viewports-chromium/test-failed-1.png
    ────────────────────────────────────────────────────────────────────────────────────────────────

    attachment #2: video (video/webm) ──────────────────────────────────────────────────────────────
    ../../test-results/performance-testing-Perfor-45275-comparison-across-viewports-chromium/video.webm
    ────────────────────────────────────────────────────────────────────────────────────────────────

    Error Context: ../../test-results/performance-testing-Perfor-45275-comparison-across-viewports-chromium/error-context.md
]]>
</failure>
<system-out>
<![CDATA[📱 MOBILE Performance: {
  [32m'Load Time'[39m: [32m'0.00ms'[39m,
  [32m'DOM Content Loaded'[39m: [32m'0.00ms'[39m,
  [32m'First Contentful Paint'[39m: [32m'0.00ms'[39m,
  [32m'Network Requests'[39m: [32m'17'[39m,
  [32m'Total Size'[39m: [32m'240.44KB'[39m
}
📱 TABLET Performance: {
  [32m'Load Time'[39m: [32m'0.00ms'[39m,
  [32m'DOM Content Loaded'[39m: [32m'0.00ms'[39m,
  [32m'First Contentful Paint'[39m: [32m'0.00ms'[39m,
  [32m'Network Requests'[39m: [32m'24'[39m,
  [32m'Total Size'[39m: [32m'24.36KB'[39m
}
📱 DESKTOP Performance: {
  [32m'Load Time'[39m: [32m'0.00ms'[39m,
  [32m'DOM Content Loaded'[39m: [32m'0.00ms'[39m,
  [32m'First Contentful Paint'[39m: [32m'0.00ms'[39m,
  [32m'Network Requests'[39m: [32m'24'[39m,
  [32m'Total Size'[39m: [32m'1.46KB'[39m
}
📊 Mobile vs Desktop Comparison: {
  [32m'Load Time Difference'[39m: [32m'0.00ms (NaN%)'[39m,
  [32m'Network Requests Difference'[39m: [32m'7 requests'[39m,
  [32m'Size Difference'[39m: [32m'-238.98KB'[39m
}

[[ATTACHMENT|../test-results/performance-testing-Perfor-45275-comparison-across-viewports-chromium/test-failed-1.png]]

[[ATTACHMENT|../test-results/performance-testing-Perfor-45275-comparison-across-viewports-chromium/video.webm]]

[[ATTACHMENT|../test-results/performance-testing-Perfor-45275-comparison-across-viewports-chromium/error-context.md]]
]]>
</system-out>
</testcase>
<testcase name="Performance Testing › Test caching effectiveness" classname="performance-testing.spec.ts" time="2.442">
<system-out>
<![CDATA[🔄 Caching Analysis: { firstVisit: [32m'1764ms'[39m, secondVisit: [32m'137ms'[39m, improvement: [32m'92.2%'[39m }
]]>
</system-out>
</testcase>
<testcase name="Performance Testing › Memory usage monitoring" classname="performance-testing.spec.ts" time="1.771">
<system-out>
<![CDATA[🧠 Memory Usage: {
  [32m'Used Heap'[39m: [32m'9.54MB'[39m,
  [32m'Total Heap'[39m: [32m'12.78MB'[39m,
  [32m'Heap Limit'[39m: [32m'3585.82MB'[39m
}
]]>
</system-out>
</testcase>
<testcase name="Performance Testing › Third-party script performance impact" classname="performance-testing.spec.ts" time="4.998">
<system-out>
<![CDATA[🌍 Third-Party Analysis: { thirdPartyRequests: [33m0[39m, totalSize: [32m'0.00KB'[39m, domains: [] }
]]>
</system-out>
</testcase>
</testsuite>
<testsuite name="accessibility-audit.spec.ts" timestamp="2025-09-29T15:48:38.861Z" hostname="firefox" tests="8" failures="8" skipped="0" time="0.03" errors="0">
<testcase name="Accessibility Audit › Run comprehensive axe accessibility audit" classname="accessibility-audit.spec.ts" time="0.003">
<failure message="accessibility-audit.spec.ts:13:7 Run comprehensive axe accessibility audit" type="FAILURE">
<![CDATA[  [firefox] › accessibility-audit.spec.ts:13:7 › Accessibility Audit › Run comprehensive axe accessibility audit 

    Error: browserType.launch: Executable doesn't exist at /Users/lukashosala/Library/Caches/ms-playwright/firefox-1490/firefox/Nightly.app/Contents/MacOS/firefox
    ╔═════════════════════════════════════════════════════════════════════════╗
    ║ Looks like Playwright Test or Playwright was just installed or updated. ║
    ║ Please run the following command to download new browsers:              ║
    ║                                                                         ║
    ║     npx playwright install                                              ║
    ║                                                                         ║
    ║ <3 Playwright Team                                                      ║
    ╚═════════════════════════════════════════════════════════════════════════╝
]]>
</failure>
</testcase>
<testcase name="Accessibility Audit › Check keyboard navigation" classname="accessibility-audit.spec.ts" time="0.003">
<failure message="accessibility-audit.spec.ts:41:7 Check keyboard navigation" type="FAILURE">
<![CDATA[  [firefox] › accessibility-audit.spec.ts:41:7 › Accessibility Audit › Check keyboard navigation ───

    Error: browserType.launch: Executable doesn't exist at /Users/lukashosala/Library/Caches/ms-playwright/firefox-1490/firefox/Nightly.app/Contents/MacOS/firefox
    ╔═════════════════════════════════════════════════════════════════════════╗
    ║ Looks like Playwright Test or Playwright was just installed or updated. ║
    ║ Please run the following command to download new browsers:              ║
    ║                                                                         ║
    ║     npx playwright install                                              ║
    ║                                                                         ║
    ║ <3 Playwright Team                                                      ║
    ╚═════════════════════════════════════════════════════════════════════════╝
]]>
</failure>
</testcase>
<testcase name="Accessibility Audit › Validate ARIA labels and roles" classname="accessibility-audit.spec.ts" time="0.002">
<failure message="accessibility-audit.spec.ts:63:7 Validate ARIA labels and roles" type="FAILURE">
<![CDATA[  [firefox] › accessibility-audit.spec.ts:63:7 › Accessibility Audit › Validate ARIA labels and roles 

    Error: browserType.launch: Executable doesn't exist at /Users/lukashosala/Library/Caches/ms-playwright/firefox-1490/firefox/Nightly.app/Contents/MacOS/firefox
    ╔═════════════════════════════════════════════════════════════════════════╗
    ║ Looks like Playwright Test or Playwright was just installed or updated. ║
    ║ Please run the following command to download new browsers:              ║
    ║                                                                         ║
    ║     npx playwright install                                              ║
    ║                                                                         ║
    ║ <3 Playwright Team                                                      ║
    ╚═════════════════════════════════════════════════════════════════════════╝
]]>
</failure>
</testcase>
<testcase name="Accessibility Audit › Check heading structure" classname="accessibility-audit.spec.ts" time="0.002">
<failure message="accessibility-audit.spec.ts:85:7 Check heading structure" type="FAILURE">
<![CDATA[  [firefox] › accessibility-audit.spec.ts:85:7 › Accessibility Audit › Check heading structure ─────

    Error: browserType.launch: Executable doesn't exist at /Users/lukashosala/Library/Caches/ms-playwright/firefox-1490/firefox/Nightly.app/Contents/MacOS/firefox
    ╔═════════════════════════════════════════════════════════════════════════╗
    ║ Looks like Playwright Test or Playwright was just installed or updated. ║
    ║ Please run the following command to download new browsers:              ║
    ║                                                                         ║
    ║     npx playwright install                                              ║
    ║                                                                         ║
    ║ <3 Playwright Team                                                      ║
    ╚═════════════════════════════════════════════════════════════════════════╝
]]>
</failure>
</testcase>
<testcase name="Accessibility Audit › Test color contrast" classname="accessibility-audit.spec.ts" time="0.006">
<failure message="accessibility-audit.spec.ts:110:7 Test color contrast" type="FAILURE">
<![CDATA[  [firefox] › accessibility-audit.spec.ts:110:7 › Accessibility Audit › Test color contrast ────────

    Error: browserType.launch: Executable doesn't exist at /Users/lukashosala/Library/Caches/ms-playwright/firefox-1490/firefox/Nightly.app/Contents/MacOS/firefox
    ╔═════════════════════════════════════════════════════════════════════════╗
    ║ Looks like Playwright Test or Playwright was just installed or updated. ║
    ║ Please run the following command to download new browsers:              ║
    ║                                                                         ║
    ║     npx playwright install                                              ║
    ║                                                                         ║
    ║ <3 Playwright Team                                                      ║
    ╚═════════════════════════════════════════════════════════════════════════╝
]]>
</failure>
</testcase>
<testcase name="Accessibility Audit › Check focus indicators" classname="accessibility-audit.spec.ts" time="0.007">
<failure message="accessibility-audit.spec.ts:130:7 Check focus indicators" type="FAILURE">
<![CDATA[  [firefox] › accessibility-audit.spec.ts:130:7 › Accessibility Audit › Check focus indicators ─────

    Error: browserType.launch: Executable doesn't exist at /Users/lukashosala/Library/Caches/ms-playwright/firefox-1490/firefox/Nightly.app/Contents/MacOS/firefox
    ╔═════════════════════════════════════════════════════════════════════════╗
    ║ Looks like Playwright Test or Playwright was just installed or updated. ║
    ║ Please run the following command to download new browsers:              ║
    ║                                                                         ║
    ║     npx playwright install                                              ║
    ║                                                                         ║
    ║ <3 Playwright Team                                                      ║
    ╚═════════════════════════════════════════════════════════════════════════╝
]]>
</failure>
</testcase>
<testcase name="Accessibility Audit › Test with screen reader simulation" classname="accessibility-audit.spec.ts" time="0.003">
<failure message="accessibility-audit.spec.ts:169:7 Test with screen reader simulation" type="FAILURE">
<![CDATA[  [firefox] › accessibility-audit.spec.ts:169:7 › Accessibility Audit › Test with screen reader simulation 

    Error: browserType.launch: Executable doesn't exist at /Users/lukashosala/Library/Caches/ms-playwright/firefox-1490/firefox/Nightly.app/Contents/MacOS/firefox
    ╔═════════════════════════════════════════════════════════════════════════╗
    ║ Looks like Playwright Test or Playwright was just installed or updated. ║
    ║ Please run the following command to download new browsers:              ║
    ║                                                                         ║
    ║     npx playwright install                                              ║
    ║                                                                         ║
    ║ <3 Playwright Team                                                      ║
    ╚═════════════════════════════════════════════════════════════════════════╝
]]>
</failure>
</testcase>
<testcase name="Accessibility Audit › Mobile accessibility testing" classname="accessibility-audit.spec.ts" time="0.004">
<failure message="accessibility-audit.spec.ts:199:7 Mobile accessibility testing" type="FAILURE">
<![CDATA[  [firefox] › accessibility-audit.spec.ts:199:7 › Accessibility Audit › Mobile accessibility testing 

    Error: browserType.launch: Executable doesn't exist at /Users/lukashosala/Library/Caches/ms-playwright/firefox-1490/firefox/Nightly.app/Contents/MacOS/firefox
    ╔═════════════════════════════════════════════════════════════════════════╗
    ║ Looks like Playwright Test or Playwright was just installed or updated. ║
    ║ Please run the following command to download new browsers:              ║
    ║                                                                         ║
    ║     npx playwright install                                              ║
    ║                                                                         ║
    ║ <3 Playwright Team                                                      ║
    ╚═════════════════════════════════════════════════════════════════════════╝
]]>
</failure>
</testcase>
</testsuite>
<testsuite name="cross-deployment-comparison.spec.ts" timestamp="2025-09-29T15:48:38.861Z" hostname="firefox" tests="8" failures="8" skipped="0" time="0.009" errors="0">
<testcase name="Cross-Deployment Comparison › Compare About page availability and response codes" classname="cross-deployment-comparison.spec.ts" time="0.001">
<failure message="cross-deployment-comparison.spec.ts:29:7 Compare About page availability and response codes" type="FAILURE">
<![CDATA[  [firefox] › cross-deployment-comparison.spec.ts:29:7 › Cross-Deployment Comparison › Compare About page availability and response codes 

    Error: browserType.launch: Executable doesn't exist at /Users/lukashosala/Library/Caches/ms-playwright/firefox-1490/firefox/Nightly.app/Contents/MacOS/firefox
    ╔═════════════════════════════════════════════════════════════════════════╗
    ║ Looks like Playwright Test or Playwright was just installed or updated. ║
    ║ Please run the following command to download new browsers:              ║
    ║                                                                         ║
    ║     npx playwright install                                              ║
    ║                                                                         ║
    ║ <3 Playwright Team                                                      ║
    ╚═════════════════════════════════════════════════════════════════════════╝
]]>
</failure>
</testcase>
<testcase name="Cross-Deployment Comparison › Compare page content structure (production only)" classname="cross-deployment-comparison.spec.ts" time="0.001">
<failure message="cross-deployment-comparison.spec.ts:67:7 Compare page content structure (production only)" type="FAILURE">
<![CDATA[  [firefox] › cross-deployment-comparison.spec.ts:67:7 › Cross-Deployment Comparison › Compare page content structure (production only) 

    Error: browserType.launch: Executable doesn't exist at /Users/lukashosala/Library/Caches/ms-playwright/firefox-1490/firefox/Nightly.app/Contents/MacOS/firefox
    ╔═════════════════════════════════════════════════════════════════════════╗
    ║ Looks like Playwright Test or Playwright was just installed or updated. ║
    ║ Please run the following command to download new browsers:              ║
    ║                                                                         ║
    ║     npx playwright install                                              ║
    ║                                                                         ║
    ║ <3 Playwright Team                                                      ║
    ╚═════════════════════════════════════════════════════════════════════════╝
]]>
</failure>
</testcase>
<testcase name="Cross-Deployment Comparison › Verify navigation functionality" classname="cross-deployment-comparison.spec.ts" time="0.001">
<failure message="cross-deployment-comparison.spec.ts:96:7 Verify navigation functionality" type="FAILURE">
<![CDATA[  [firefox] › cross-deployment-comparison.spec.ts:96:7 › Cross-Deployment Comparison › Verify navigation functionality 

    Error: browserType.launch: Executable doesn't exist at /Users/lukashosala/Library/Caches/ms-playwright/firefox-1490/firefox/Nightly.app/Contents/MacOS/firefox
    ╔═════════════════════════════════════════════════════════════════════════╗
    ║ Looks like Playwright Test or Playwright was just installed or updated. ║
    ║ Please run the following command to download new browsers:              ║
    ║                                                                         ║
    ║     npx playwright install                                              ║
    ║                                                                         ║
    ║ <3 Playwright Team                                                      ║
    ╚═════════════════════════════════════════════════════════════════════════╝
]]>
</failure>
</testcase>
<testcase name="Cross-Deployment Comparison › Check responsive design" classname="cross-deployment-comparison.spec.ts" time="0.001">
<failure message="cross-deployment-comparison.spec.ts:114:7 Check responsive design" type="FAILURE">
<![CDATA[  [firefox] › cross-deployment-comparison.spec.ts:114:7 › Cross-Deployment Comparison › Check responsive design 

    Error: browserType.launch: Executable doesn't exist at /Users/lukashosala/Library/Caches/ms-playwright/firefox-1490/firefox/Nightly.app/Contents/MacOS/firefox
    ╔═════════════════════════════════════════════════════════════════════════╗
    ║ Looks like Playwright Test or Playwright was just installed or updated. ║
    ║ Please run the following command to download new browsers:              ║
    ║                                                                         ║
    ║     npx playwright install                                              ║
    ║                                                                         ║
    ║ <3 Playwright Team                                                      ║
    ╚═════════════════════════════════════════════════════════════════════════╝
]]>
</failure>
</testcase>
<testcase name="Cross-Deployment Comparison › Validate images and media" classname="cross-deployment-comparison.spec.ts" time="0.001">
<failure message="cross-deployment-comparison.spec.ts:135:7 Validate images and media" type="FAILURE">
<![CDATA[  [firefox] › cross-deployment-comparison.spec.ts:135:7 › Cross-Deployment Comparison › Validate images and media 

    Error: browserType.launch: Executable doesn't exist at /Users/lukashosala/Library/Caches/ms-playwright/firefox-1490/firefox/Nightly.app/Contents/MacOS/firefox
    ╔═════════════════════════════════════════════════════════════════════════╗
    ║ Looks like Playwright Test or Playwright was just installed or updated. ║
    ║ Please run the following command to download new browsers:              ║
    ║                                                                         ║
    ║     npx playwright install                                              ║
    ║                                                                         ║
    ║ <3 Playwright Team                                                      ║
    ╚═════════════════════════════════════════════════════════════════════════╝
]]>
</failure>
</testcase>
<testcase name="Cross-Deployment Comparison › Test interactive elements" classname="cross-deployment-comparison.spec.ts" time="0.001">
<failure message="cross-deployment-comparison.spec.ts:161:7 Test interactive elements" type="FAILURE">
<![CDATA[  [firefox] › cross-deployment-comparison.spec.ts:161:7 › Cross-Deployment Comparison › Test interactive elements 

    Error: browserType.launch: Executable doesn't exist at /Users/lukashosala/Library/Caches/ms-playwright/firefox-1490/firefox/Nightly.app/Contents/MacOS/firefox
    ╔═════════════════════════════════════════════════════════════════════════╗
    ║ Looks like Playwright Test or Playwright was just installed or updated. ║
    ║ Please run the following command to download new browsers:              ║
    ║                                                                         ║
    ║     npx playwright install                                              ║
    ║                                                                         ║
    ║ <3 Playwright Team                                                      ║
    ╚═════════════════════════════════════════════════════════════════════════╝
]]>
</failure>
</testcase>
<testcase name="Cross-Deployment Comparison › Check for console errors and warnings" classname="cross-deployment-comparison.spec.ts" time="0.002">
<failure message="cross-deployment-comparison.spec.ts:183:7 Check for console errors and warnings" type="FAILURE">
<![CDATA[  [firefox] › cross-deployment-comparison.spec.ts:183:7 › Cross-Deployment Comparison › Check for console errors and warnings 

    Error: browserType.launch: Executable doesn't exist at /Users/lukashosala/Library/Caches/ms-playwright/firefox-1490/firefox/Nightly.app/Contents/MacOS/firefox
    ╔═════════════════════════════════════════════════════════════════════════╗
    ║ Looks like Playwright Test or Playwright was just installed or updated. ║
    ║ Please run the following command to download new browsers:              ║
    ║                                                                         ║
    ║     npx playwright install                                              ║
    ║                                                                         ║
    ║ <3 Playwright Team                                                      ║
    ╚═════════════════════════════════════════════════════════════════════════╝
]]>
</failure>
</testcase>
<testcase name="Cross-Deployment Comparison › Compare deployment configuration differences" classname="cross-deployment-comparison.spec.ts" time="0.001">
<failure message="cross-deployment-comparison.spec.ts:221:7 Compare deployment configuration differences" type="FAILURE">
<![CDATA[  [firefox] › cross-deployment-comparison.spec.ts:221:7 › Cross-Deployment Comparison › Compare deployment configuration differences 

    Error: browserType.launch: Executable doesn't exist at /Users/lukashosala/Library/Caches/ms-playwright/firefox-1490/firefox/Nightly.app/Contents/MacOS/firefox
    ╔═════════════════════════════════════════════════════════════════════════╗
    ║ Looks like Playwright Test or Playwright was just installed or updated. ║
    ║ Please run the following command to download new browsers:              ║
    ║                                                                         ║
    ║     npx playwright install                                              ║
    ║                                                                         ║
    ║ <3 Playwright Team                                                      ║
    ╚═════════════════════════════════════════════════════════════════════════╝
]]>
</failure>
</testcase>
</testsuite>
<testsuite name="performance-testing.spec.ts" timestamp="2025-09-29T15:48:38.861Z" hostname="firefox" tests="8" failures="8" skipped="0" time="0.046" errors="0">
<testcase name="Performance Testing › Measure page load performance" classname="performance-testing.spec.ts" time="0.016">
<failure message="performance-testing.spec.ts:12:7 Measure page load performance" type="FAILURE">
<![CDATA[  [firefox] › performance-testing.spec.ts:12:7 › Performance Testing › Measure page load performance 

    Error: browserType.launch: Executable doesn't exist at /Users/lukashosala/Library/Caches/ms-playwright/firefox-1490/firefox/Nightly.app/Contents/MacOS/firefox
    ╔═════════════════════════════════════════════════════════════════════════╗
    ║ Looks like Playwright Test or Playwright was just installed or updated. ║
    ║ Please run the following command to download new browsers:              ║
    ║                                                                         ║
    ║     npx playwright install                                              ║
    ║                                                                         ║
    ║ <3 Playwright Team                                                      ║
    ╚═════════════════════════════════════════════════════════════════════════╝
]]>
</failure>
</testcase>
<testcase name="Performance Testing › Measure Core Web Vitals" classname="performance-testing.spec.ts" time="0.003">
<failure message="performance-testing.spec.ts:30:7 Measure Core Web Vitals" type="FAILURE">
<![CDATA[  [firefox] › performance-testing.spec.ts:30:7 › Performance Testing › Measure Core Web Vitals ─────

    Error: browserType.launch: Executable doesn't exist at /Users/lukashosala/Library/Caches/ms-playwright/firefox-1490/firefox/Nightly.app/Contents/MacOS/firefox
    ╔═════════════════════════════════════════════════════════════════════════╗
    ║ Looks like Playwright Test or Playwright was just installed or updated. ║
    ║ Please run the following command to download new browsers:              ║
    ║                                                                         ║
    ║     npx playwright install                                              ║
    ║                                                                         ║
    ║ <3 Playwright Team                                                      ║
    ╚═════════════════════════════════════════════════════════════════════════╝
]]>
</failure>
</testcase>
<testcase name="Performance Testing › Audit network requests" classname="performance-testing.spec.ts" time="0.004">
<failure message="performance-testing.spec.ts:57:7 Audit network requests" type="FAILURE">
<![CDATA[  [firefox] › performance-testing.spec.ts:57:7 › Performance Testing › Audit network requests ──────

    Error: browserType.launch: Executable doesn't exist at /Users/lukashosala/Library/Caches/ms-playwright/firefox-1490/firefox/Nightly.app/Contents/MacOS/firefox
    ╔═════════════════════════════════════════════════════════════════════════╗
    ║ Looks like Playwright Test or Playwright was just installed or updated. ║
    ║ Please run the following command to download new browsers:              ║
    ║                                                                         ║
    ║     npx playwright install                                              ║
    ║                                                                         ║
    ║ <3 Playwright Team                                                      ║
    ╚═════════════════════════════════════════════════════════════════════════╝
]]>
</failure>
</testcase>
<testcase name="Performance Testing › Check image optimization" classname="performance-testing.spec.ts" time="0.004">
<failure message="performance-testing.spec.ts:113:7 Check image optimization" type="FAILURE">
<![CDATA[  [firefox] › performance-testing.spec.ts:113:7 › Performance Testing › Check image optimization ───

    Error: browserType.launch: Executable doesn't exist at /Users/lukashosala/Library/Caches/ms-playwright/firefox-1490/firefox/Nightly.app/Contents/MacOS/firefox
    ╔═════════════════════════════════════════════════════════════════════════╗
    ║ Looks like Playwright Test or Playwright was just installed or updated. ║
    ║ Please run the following command to download new browsers:              ║
    ║                                                                         ║
    ║     npx playwright install                                              ║
    ║                                                                         ║
    ║ <3 Playwright Team                                                      ║
    ╚═════════════════════════════════════════════════════════════════════════╝
]]>
</failure>
</testcase>
<testcase name="Performance Testing › Performance comparison across viewports" classname="performance-testing.spec.ts" time="0.003">
<failure message="performance-testing.spec.ts:147:7 Performance comparison across viewports" type="FAILURE">
<![CDATA[  [firefox] › performance-testing.spec.ts:147:7 › Performance Testing › Performance comparison across viewports 

    Error: browserType.launch: Executable doesn't exist at /Users/lukashosala/Library/Caches/ms-playwright/firefox-1490/firefox/Nightly.app/Contents/MacOS/firefox
    ╔═════════════════════════════════════════════════════════════════════════╗
    ║ Looks like Playwright Test or Playwright was just installed or updated. ║
    ║ Please run the following command to download new browsers:              ║
    ║                                                                         ║
    ║     npx playwright install                                              ║
    ║                                                                         ║
    ║ <3 Playwright Team                                                      ║
    ╚═════════════════════════════════════════════════════════════════════════╝
]]>
</failure>
</testcase>
<testcase name="Performance Testing › Test caching effectiveness" classname="performance-testing.spec.ts" time="0.007">
<failure message="performance-testing.spec.ts:197:7 Test caching effectiveness" type="FAILURE">
<![CDATA[  [firefox] › performance-testing.spec.ts:197:7 › Performance Testing › Test caching effectiveness ─

    Error: browserType.launch: Executable doesn't exist at /Users/lukashosala/Library/Caches/ms-playwright/firefox-1490/firefox/Nightly.app/Contents/MacOS/firefox
    ╔═════════════════════════════════════════════════════════════════════════╗
    ║ Looks like Playwright Test or Playwright was just installed or updated. ║
    ║ Please run the following command to download new browsers:              ║
    ║                                                                         ║
    ║     npx playwright install                                              ║
    ║                                                                         ║
    ║ <3 Playwright Team                                                      ║
    ╚═════════════════════════════════════════════════════════════════════════╝
]]>
</failure>
</testcase>
<testcase name="Performance Testing › Memory usage monitoring" classname="performance-testing.spec.ts" time="0.003">
<failure message="performance-testing.spec.ts:218:7 Memory usage monitoring" type="FAILURE">
<![CDATA[  [firefox] › performance-testing.spec.ts:218:7 › Performance Testing › Memory usage monitoring ────

    Error: browserType.launch: Executable doesn't exist at /Users/lukashosala/Library/Caches/ms-playwright/firefox-1490/firefox/Nightly.app/Contents/MacOS/firefox
    ╔═════════════════════════════════════════════════════════════════════════╗
    ║ Looks like Playwright Test or Playwright was just installed or updated. ║
    ║ Please run the following command to download new browsers:              ║
    ║                                                                         ║
    ║     npx playwright install                                              ║
    ║                                                                         ║
    ║ <3 Playwright Team                                                      ║
    ╚═════════════════════════════════════════════════════════════════════════╝
]]>
</failure>
</testcase>
<testcase name="Performance Testing › Third-party script performance impact" classname="performance-testing.spec.ts" time="0.006">
<failure message="performance-testing.spec.ts:246:7 Third-party script performance impact" type="FAILURE">
<![CDATA[  [firefox] › performance-testing.spec.ts:246:7 › Performance Testing › Third-party script performance impact 

    Error: browserType.launch: Executable doesn't exist at /Users/lukashosala/Library/Caches/ms-playwright/firefox-1490/firefox/Nightly.app/Contents/MacOS/firefox
    ╔═════════════════════════════════════════════════════════════════════════╗
    ║ Looks like Playwright Test or Playwright was just installed or updated. ║
    ║ Please run the following command to download new browsers:              ║
    ║                                                                         ║
    ║     npx playwright install                                              ║
    ║                                                                         ║
    ║ <3 Playwright Team                                                      ║
    ╚═════════════════════════════════════════════════════════════════════════╝
]]>
</failure>
</testcase>
</testsuite>
<testsuite name="accessibility-audit.spec.ts" timestamp="2025-09-29T15:48:38.861Z" hostname="webkit" tests="8" failures="8" skipped="0" time="0.032" errors="0">
<testcase name="Accessibility Audit › Run comprehensive axe accessibility audit" classname="accessibility-audit.spec.ts" time="0.002">
<failure message="accessibility-audit.spec.ts:13:7 Run comprehensive axe accessibility audit" type="FAILURE">
<![CDATA[  [webkit] › accessibility-audit.spec.ts:13:7 › Accessibility Audit › Run comprehensive axe accessibility audit 

    Error: browserType.launch: Executable doesn't exist at /Users/lukashosala/Library/Caches/ms-playwright/webkit-2203/pw_run.sh
    ╔═════════════════════════════════════════════════════════════════════════╗
    ║ Looks like Playwright Test or Playwright was just installed or updated. ║
    ║ Please run the following command to download new browsers:              ║
    ║                                                                         ║
    ║     npx playwright install                                              ║
    ║                                                                         ║
    ║ <3 Playwright Team                                                      ║
    ╚═════════════════════════════════════════════════════════════════════════╝
]]>
</failure>
</testcase>
<testcase name="Accessibility Audit › Check keyboard navigation" classname="accessibility-audit.spec.ts" time="0.003">
<failure message="accessibility-audit.spec.ts:41:7 Check keyboard navigation" type="FAILURE">
<![CDATA[  [webkit] › accessibility-audit.spec.ts:41:7 › Accessibility Audit › Check keyboard navigation ────

    Error: browserType.launch: Executable doesn't exist at /Users/lukashosala/Library/Caches/ms-playwright/webkit-2203/pw_run.sh
    ╔═════════════════════════════════════════════════════════════════════════╗
    ║ Looks like Playwright Test or Playwright was just installed or updated. ║
    ║ Please run the following command to download new browsers:              ║
    ║                                                                         ║
    ║     npx playwright install                                              ║
    ║                                                                         ║
    ║ <3 Playwright Team                                                      ║
    ╚═════════════════════════════════════════════════════════════════════════╝
]]>
</failure>
</testcase>
<testcase name="Accessibility Audit › Validate ARIA labels and roles" classname="accessibility-audit.spec.ts" time="0.003">
<failure message="accessibility-audit.spec.ts:63:7 Validate ARIA labels and roles" type="FAILURE">
<![CDATA[  [webkit] › accessibility-audit.spec.ts:63:7 › Accessibility Audit › Validate ARIA labels and roles 

    Error: browserType.launch: Executable doesn't exist at /Users/lukashosala/Library/Caches/ms-playwright/webkit-2203/pw_run.sh
    ╔═════════════════════════════════════════════════════════════════════════╗
    ║ Looks like Playwright Test or Playwright was just installed or updated. ║
    ║ Please run the following command to download new browsers:              ║
    ║                                                                         ║
    ║     npx playwright install                                              ║
    ║                                                                         ║
    ║ <3 Playwright Team                                                      ║
    ╚═════════════════════════════════════════════════════════════════════════╝
]]>
</failure>
</testcase>
<testcase name="Accessibility Audit › Check heading structure" classname="accessibility-audit.spec.ts" time="0.004">
<failure message="accessibility-audit.spec.ts:85:7 Check heading structure" type="FAILURE">
<![CDATA[  [webkit] › accessibility-audit.spec.ts:85:7 › Accessibility Audit › Check heading structure ──────

    Error: browserType.launch: Executable doesn't exist at /Users/lukashosala/Library/Caches/ms-playwright/webkit-2203/pw_run.sh
    ╔═════════════════════════════════════════════════════════════════════════╗
    ║ Looks like Playwright Test or Playwright was just installed or updated. ║
    ║ Please run the following command to download new browsers:              ║
    ║                                                                         ║
    ║     npx playwright install                                              ║
    ║                                                                         ║
    ║ <3 Playwright Team                                                      ║
    ╚═════════════════════════════════════════════════════════════════════════╝
]]>
</failure>
</testcase>
<testcase name="Accessibility Audit › Test color contrast" classname="accessibility-audit.spec.ts" time="0.003">
<failure message="accessibility-audit.spec.ts:110:7 Test color contrast" type="FAILURE">
<![CDATA[  [webkit] › accessibility-audit.spec.ts:110:7 › Accessibility Audit › Test color contrast ─────────

    Error: browserType.launch: Executable doesn't exist at /Users/lukashosala/Library/Caches/ms-playwright/webkit-2203/pw_run.sh
    ╔═════════════════════════════════════════════════════════════════════════╗
    ║ Looks like Playwright Test or Playwright was just installed or updated. ║
    ║ Please run the following command to download new browsers:              ║
    ║                                                                         ║
    ║     npx playwright install                                              ║
    ║                                                                         ║
    ║ <3 Playwright Team                                                      ║
    ╚═════════════════════════════════════════════════════════════════════════╝
]]>
</failure>
</testcase>
<testcase name="Accessibility Audit › Check focus indicators" classname="accessibility-audit.spec.ts" time="0.009">
<failure message="accessibility-audit.spec.ts:130:7 Check focus indicators" type="FAILURE">
<![CDATA[  [webkit] › accessibility-audit.spec.ts:130:7 › Accessibility Audit › Check focus indicators ──────

    Error: browserType.launch: Executable doesn't exist at /Users/lukashosala/Library/Caches/ms-playwright/webkit-2203/pw_run.sh
    ╔═════════════════════════════════════════════════════════════════════════╗
    ║ Looks like Playwright Test or Playwright was just installed or updated. ║
    ║ Please run the following command to download new browsers:              ║
    ║                                                                         ║
    ║     npx playwright install                                              ║
    ║                                                                         ║
    ║ <3 Playwright Team                                                      ║
    ╚═════════════════════════════════════════════════════════════════════════╝
]]>
</failure>
</testcase>
<testcase name="Accessibility Audit › Test with screen reader simulation" classname="accessibility-audit.spec.ts" time="0.004">
<failure message="accessibility-audit.spec.ts:169:7 Test with screen reader simulation" type="FAILURE">
<![CDATA[  [webkit] › accessibility-audit.spec.ts:169:7 › Accessibility Audit › Test with screen reader simulation 

    Error: browserType.launch: Executable doesn't exist at /Users/lukashosala/Library/Caches/ms-playwright/webkit-2203/pw_run.sh
    ╔═════════════════════════════════════════════════════════════════════════╗
    ║ Looks like Playwright Test or Playwright was just installed or updated. ║
    ║ Please run the following command to download new browsers:              ║
    ║                                                                         ║
    ║     npx playwright install                                              ║
    ║                                                                         ║
    ║ <3 Playwright Team                                                      ║
    ╚═════════════════════════════════════════════════════════════════════════╝
]]>
</failure>
</testcase>
<testcase name="Accessibility Audit › Mobile accessibility testing" classname="accessibility-audit.spec.ts" time="0.004">
<failure message="accessibility-audit.spec.ts:199:7 Mobile accessibility testing" type="FAILURE">
<![CDATA[  [webkit] › accessibility-audit.spec.ts:199:7 › Accessibility Audit › Mobile accessibility testing 

    Error: browserType.launch: Executable doesn't exist at /Users/lukashosala/Library/Caches/ms-playwright/webkit-2203/pw_run.sh
    ╔═════════════════════════════════════════════════════════════════════════╗
    ║ Looks like Playwright Test or Playwright was just installed or updated. ║
    ║ Please run the following command to download new browsers:              ║
    ║                                                                         ║
    ║     npx playwright install                                              ║
    ║                                                                         ║
    ║ <3 Playwright Team                                                      ║
    ╚═════════════════════════════════════════════════════════════════════════╝
]]>
</failure>
</testcase>
</testsuite>
<testsuite name="cross-deployment-comparison.spec.ts" timestamp="2025-09-29T15:48:38.861Z" hostname="webkit" tests="8" failures="8" skipped="0" time="0.008" errors="0">
<testcase name="Cross-Deployment Comparison › Compare About page availability and response codes" classname="cross-deployment-comparison.spec.ts" time="0.001">
<failure message="cross-deployment-comparison.spec.ts:29:7 Compare About page availability and response codes" type="FAILURE">
<![CDATA[  [webkit] › cross-deployment-comparison.spec.ts:29:7 › Cross-Deployment Comparison › Compare About page availability and response codes 

    Error: browserType.launch: Executable doesn't exist at /Users/lukashosala/Library/Caches/ms-playwright/webkit-2203/pw_run.sh
    ╔═════════════════════════════════════════════════════════════════════════╗
    ║ Looks like Playwright Test or Playwright was just installed or updated. ║
    ║ Please run the following command to download new browsers:              ║
    ║                                                                         ║
    ║     npx playwright install                                              ║
    ║                                                                         ║
    ║ <3 Playwright Team                                                      ║
    ╚═════════════════════════════════════════════════════════════════════════╝
]]>
</failure>
</testcase>
<testcase name="Cross-Deployment Comparison › Compare page content structure (production only)" classname="cross-deployment-comparison.spec.ts" time="0.001">
<failure message="cross-deployment-comparison.spec.ts:67:7 Compare page content structure (production only)" type="FAILURE">
<![CDATA[  [webkit] › cross-deployment-comparison.spec.ts:67:7 › Cross-Deployment Comparison › Compare page content structure (production only) 

    Error: browserType.launch: Executable doesn't exist at /Users/lukashosala/Library/Caches/ms-playwright/webkit-2203/pw_run.sh
    ╔═════════════════════════════════════════════════════════════════════════╗
    ║ Looks like Playwright Test or Playwright was just installed or updated. ║
    ║ Please run the following command to download new browsers:              ║
    ║                                                                         ║
    ║     npx playwright install                                              ║
    ║                                                                         ║
    ║ <3 Playwright Team                                                      ║
    ╚═════════════════════════════════════════════════════════════════════════╝
]]>
</failure>
</testcase>
<testcase name="Cross-Deployment Comparison › Verify navigation functionality" classname="cross-deployment-comparison.spec.ts" time="0.001">
<failure message="cross-deployment-comparison.spec.ts:96:7 Verify navigation functionality" type="FAILURE">
<![CDATA[  [webkit] › cross-deployment-comparison.spec.ts:96:7 › Cross-Deployment Comparison › Verify navigation functionality 

    Error: browserType.launch: Executable doesn't exist at /Users/lukashosala/Library/Caches/ms-playwright/webkit-2203/pw_run.sh
    ╔═════════════════════════════════════════════════════════════════════════╗
    ║ Looks like Playwright Test or Playwright was just installed or updated. ║
    ║ Please run the following command to download new browsers:              ║
    ║                                                                         ║
    ║     npx playwright install                                              ║
    ║                                                                         ║
    ║ <3 Playwright Team                                                      ║
    ╚═════════════════════════════════════════════════════════════════════════╝
]]>
</failure>
</testcase>
<testcase name="Cross-Deployment Comparison › Check responsive design" classname="cross-deployment-comparison.spec.ts" time="0">
<failure message="cross-deployment-comparison.spec.ts:114:7 Check responsive design" type="FAILURE">
<![CDATA[  [webkit] › cross-deployment-comparison.spec.ts:114:7 › Cross-Deployment Comparison › Check responsive design 

    Error: browserType.launch: Executable doesn't exist at /Users/lukashosala/Library/Caches/ms-playwright/webkit-2203/pw_run.sh
    ╔═════════════════════════════════════════════════════════════════════════╗
    ║ Looks like Playwright Test or Playwright was just installed or updated. ║
    ║ Please run the following command to download new browsers:              ║
    ║                                                                         ║
    ║     npx playwright install                                              ║
    ║                                                                         ║
    ║ <3 Playwright Team                                                      ║
    ╚═════════════════════════════════════════════════════════════════════════╝
]]>
</failure>
</testcase>
<testcase name="Cross-Deployment Comparison › Validate images and media" classname="cross-deployment-comparison.spec.ts" time="0.001">
<failure message="cross-deployment-comparison.spec.ts:135:7 Validate images and media" type="FAILURE">
<![CDATA[  [webkit] › cross-deployment-comparison.spec.ts:135:7 › Cross-Deployment Comparison › Validate images and media 

    Error: browserType.launch: Executable doesn't exist at /Users/lukashosala/Library/Caches/ms-playwright/webkit-2203/pw_run.sh
    ╔═════════════════════════════════════════════════════════════════════════╗
    ║ Looks like Playwright Test or Playwright was just installed or updated. ║
    ║ Please run the following command to download new browsers:              ║
    ║                                                                         ║
    ║     npx playwright install                                              ║
    ║                                                                         ║
    ║ <3 Playwright Team                                                      ║
    ╚═════════════════════════════════════════════════════════════════════════╝
]]>
</failure>
</testcase>
<testcase name="Cross-Deployment Comparison › Test interactive elements" classname="cross-deployment-comparison.spec.ts" time="0.001">
<failure message="cross-deployment-comparison.spec.ts:161:7 Test interactive elements" type="FAILURE">
<![CDATA[  [webkit] › cross-deployment-comparison.spec.ts:161:7 › Cross-Deployment Comparison › Test interactive elements 

    Error: browserType.launch: Executable doesn't exist at /Users/lukashosala/Library/Caches/ms-playwright/webkit-2203/pw_run.sh
    ╔═════════════════════════════════════════════════════════════════════════╗
    ║ Looks like Playwright Test or Playwright was just installed or updated. ║
    ║ Please run the following command to download new browsers:              ║
    ║                                                                         ║
    ║     npx playwright install                                              ║
    ║                                                                         ║
    ║ <3 Playwright Team                                                      ║
    ╚═════════════════════════════════════════════════════════════════════════╝
]]>
</failure>
</testcase>
<testcase name="Cross-Deployment Comparison › Check for console errors and warnings" classname="cross-deployment-comparison.spec.ts" time="0.002">
<failure message="cross-deployment-comparison.spec.ts:183:7 Check for console errors and warnings" type="FAILURE">
<![CDATA[  [webkit] › cross-deployment-comparison.spec.ts:183:7 › Cross-Deployment Comparison › Check for console errors and warnings 

    Error: browserType.launch: Executable doesn't exist at /Users/lukashosala/Library/Caches/ms-playwright/webkit-2203/pw_run.sh
    ╔═════════════════════════════════════════════════════════════════════════╗
    ║ Looks like Playwright Test or Playwright was just installed or updated. ║
    ║ Please run the following command to download new browsers:              ║
    ║                                                                         ║
    ║     npx playwright install                                              ║
    ║                                                                         ║
    ║ <3 Playwright Team                                                      ║
    ╚═════════════════════════════════════════════════════════════════════════╝
]]>
</failure>
</testcase>
<testcase name="Cross-Deployment Comparison › Compare deployment configuration differences" classname="cross-deployment-comparison.spec.ts" time="0.001">
<failure message="cross-deployment-comparison.spec.ts:221:7 Compare deployment configuration differences" type="FAILURE">
<![CDATA[  [webkit] › cross-deployment-comparison.spec.ts:221:7 › Cross-Deployment Comparison › Compare deployment configuration differences 

    Error: browserType.launch: Executable doesn't exist at /Users/lukashosala/Library/Caches/ms-playwright/webkit-2203/pw_run.sh
    ╔═════════════════════════════════════════════════════════════════════════╗
    ║ Looks like Playwright Test or Playwright was just installed or updated. ║
    ║ Please run the following command to download new browsers:              ║
    ║                                                                         ║
    ║     npx playwright install                                              ║
    ║                                                                         ║
    ║ <3 Playwright Team                                                      ║
    ╚═════════════════════════════════════════════════════════════════════════╝
]]>
</failure>
</testcase>
</testsuite>
<testsuite name="performance-testing.spec.ts" timestamp="2025-09-29T15:48:38.861Z" hostname="webkit" tests="8" failures="8" skipped="0" time="0.029" errors="0">
<testcase name="Performance Testing › Measure page load performance" classname="performance-testing.spec.ts" time="0.008">
<failure message="performance-testing.spec.ts:12:7 Measure page load performance" type="FAILURE">
<![CDATA[  [webkit] › performance-testing.spec.ts:12:7 › Performance Testing › Measure page load performance 

    Error: browserType.launch: Executable doesn't exist at /Users/lukashosala/Library/Caches/ms-playwright/webkit-2203/pw_run.sh
    ╔═════════════════════════════════════════════════════════════════════════╗
    ║ Looks like Playwright Test or Playwright was just installed or updated. ║
    ║ Please run the following command to download new browsers:              ║
    ║                                                                         ║
    ║     npx playwright install                                              ║
    ║                                                                         ║
    ║ <3 Playwright Team                                                      ║
    ╚═════════════════════════════════════════════════════════════════════════╝
]]>
</failure>
</testcase>
<testcase name="Performance Testing › Measure Core Web Vitals" classname="performance-testing.spec.ts" time="0.002">
<failure message="performance-testing.spec.ts:30:7 Measure Core Web Vitals" type="FAILURE">
<![CDATA[  [webkit] › performance-testing.spec.ts:30:7 › Performance Testing › Measure Core Web Vitals ──────

    Error: browserType.launch: Executable doesn't exist at /Users/lukashosala/Library/Caches/ms-playwright/webkit-2203/pw_run.sh
    ╔═════════════════════════════════════════════════════════════════════════╗
    ║ Looks like Playwright Test or Playwright was just installed or updated. ║
    ║ Please run the following command to download new browsers:              ║
    ║                                                                         ║
    ║     npx playwright install                                              ║
    ║                                                                         ║
    ║ <3 Playwright Team                                                      ║
    ╚═════════════════════════════════════════════════════════════════════════╝
]]>
</failure>
</testcase>
<testcase name="Performance Testing › Audit network requests" classname="performance-testing.spec.ts" time="0.002">
<failure message="performance-testing.spec.ts:57:7 Audit network requests" type="FAILURE">
<![CDATA[  [webkit] › performance-testing.spec.ts:57:7 › Performance Testing › Audit network requests ───────

    Error: browserType.launch: Executable doesn't exist at /Users/lukashosala/Library/Caches/ms-playwright/webkit-2203/pw_run.sh
    ╔═════════════════════════════════════════════════════════════════════════╗
    ║ Looks like Playwright Test or Playwright was just installed or updated. ║
    ║ Please run the following command to download new browsers:              ║
    ║                                                                         ║
    ║     npx playwright install                                              ║
    ║                                                                         ║
    ║ <3 Playwright Team                                                      ║
    ╚═════════════════════════════════════════════════════════════════════════╝
]]>
</failure>
</testcase>
<testcase name="Performance Testing › Check image optimization" classname="performance-testing.spec.ts" time="0.007">
<failure message="performance-testing.spec.ts:113:7 Check image optimization" type="FAILURE">
<![CDATA[  [webkit] › performance-testing.spec.ts:113:7 › Performance Testing › Check image optimization ────

    Error: browserType.launch: Executable doesn't exist at /Users/lukashosala/Library/Caches/ms-playwright/webkit-2203/pw_run.sh
    ╔═════════════════════════════════════════════════════════════════════════╗
    ║ Looks like Playwright Test or Playwright was just installed or updated. ║
    ║ Please run the following command to download new browsers:              ║
    ║                                                                         ║
    ║     npx playwright install                                              ║
    ║                                                                         ║
    ║ <3 Playwright Team                                                      ║
    ╚═════════════════════════════════════════════════════════════════════════╝
]]>
</failure>
</testcase>
<testcase name="Performance Testing › Performance comparison across viewports" classname="performance-testing.spec.ts" time="0.002">
<failure message="performance-testing.spec.ts:147:7 Performance comparison across viewports" type="FAILURE">
<![CDATA[  [webkit] › performance-testing.spec.ts:147:7 › Performance Testing › Performance comparison across viewports 

    Error: browserType.launch: Executable doesn't exist at /Users/lukashosala/Library/Caches/ms-playwright/webkit-2203/pw_run.sh
    ╔═════════════════════════════════════════════════════════════════════════╗
    ║ Looks like Playwright Test or Playwright was just installed or updated. ║
    ║ Please run the following command to download new browsers:              ║
    ║                                                                         ║
    ║     npx playwright install                                              ║
    ║                                                                         ║
    ║ <3 Playwright Team                                                      ║
    ╚═════════════════════════════════════════════════════════════════════════╝
]]>
</failure>
</testcase>
<testcase name="Performance Testing › Test caching effectiveness" classname="performance-testing.spec.ts" time="0.004">
<failure message="performance-testing.spec.ts:197:7 Test caching effectiveness" type="FAILURE">
<![CDATA[  [webkit] › performance-testing.spec.ts:197:7 › Performance Testing › Test caching effectiveness ──

    Error: browserType.launch: Executable doesn't exist at /Users/lukashosala/Library/Caches/ms-playwright/webkit-2203/pw_run.sh
    ╔═════════════════════════════════════════════════════════════════════════╗
    ║ Looks like Playwright Test or Playwright was just installed or updated. ║
    ║ Please run the following command to download new browsers:              ║
    ║                                                                         ║
    ║     npx playwright install                                              ║
    ║                                                                         ║
    ║ <3 Playwright Team                                                      ║
    ╚═════════════════════════════════════════════════════════════════════════╝
]]>
</failure>
</testcase>
<testcase name="Performance Testing › Memory usage monitoring" classname="performance-testing.spec.ts" time="0.002">
<failure message="performance-testing.spec.ts:218:7 Memory usage monitoring" type="FAILURE">
<![CDATA[  [webkit] › performance-testing.spec.ts:218:7 › Performance Testing › Memory usage monitoring ─────

    Error: browserType.launch: Executable doesn't exist at /Users/lukashosala/Library/Caches/ms-playwright/webkit-2203/pw_run.sh
    ╔═════════════════════════════════════════════════════════════════════════╗
    ║ Looks like Playwright Test or Playwright was just installed or updated. ║
    ║ Please run the following command to download new browsers:              ║
    ║                                                                         ║
    ║     npx playwright install                                              ║
    ║                                                                         ║
    ║ <3 Playwright Team                                                      ║
    ╚═════════════════════════════════════════════════════════════════════════╝
]]>
</failure>
</testcase>
<testcase name="Performance Testing › Third-party script performance impact" classname="performance-testing.spec.ts" time="0.002">
<failure message="performance-testing.spec.ts:246:7 Third-party script performance impact" type="FAILURE">
<![CDATA[  [webkit] › performance-testing.spec.ts:246:7 › Performance Testing › Third-party script performance impact 

    Error: browserType.launch: Executable doesn't exist at /Users/lukashosala/Library/Caches/ms-playwright/webkit-2203/pw_run.sh
    ╔═════════════════════════════════════════════════════════════════════════╗
    ║ Looks like Playwright Test or Playwright was just installed or updated. ║
    ║ Please run the following command to download new browsers:              ║
    ║                                                                         ║
    ║     npx playwright install                                              ║
    ║                                                                         ║
    ║ <3 Playwright Team                                                      ║
    ╚═════════════════════════════════════════════════════════════════════════╝
]]>
</failure>
</testcase>
</testsuite>
<testsuite name="accessibility-audit.spec.ts" timestamp="2025-09-29T15:48:38.861Z" hostname="Mobile Chrome" tests="8" failures="2" skipped="0" time="18.965" errors="0">
<testcase name="Accessibility Audit › Run comprehensive axe accessibility audit" classname="accessibility-audit.spec.ts" time="2.751">
<system-out>
<![CDATA[🔍 Accessibility Audit Results: { violations: [33m2[39m, passes: [33m20[39m, incomplete: [33m1[39m }
🚨 Accessibility Violations:
1. aria-progressbar-name: Ensure every ARIA progressbar node has an accessible name
   Impact: serious
   Help: https://dequeuniversity.com/rules/axe/4.10/aria-progressbar-name?application=playwright
   Nodes affected: 8
2. button-name: Ensure buttons have discernible text
   Impact: critical
   Help: https://dequeuniversity.com/rules/axe/4.10/button-name?application=playwright
   Nodes affected: 1
]]>
</system-out>
</testcase>
<testcase name="Accessibility Audit › Check keyboard navigation" classname="accessibility-audit.spec.ts" time="2.41">
<system-out>
<![CDATA[⌨️  Keyboard Navigation Analysis: {
  focusableElements: [33m13[39m,
  tabOrder: [ [32m'a'[39m, [32m'button'[39m, [32m'button'[39m, [32m'a'[39m, [32m'a'[39m ],
  skipLinks: []
}
]]>
</system-out>
</testcase>
<testcase name="Accessibility Audit › Validate ARIA labels and roles" classname="accessibility-audit.spec.ts" time="3.134">
<system-out>
<![CDATA[🏷️  ARIA Analysis: {
  totalIssues: [33m0[39m,
  missingAltText: [33m0[39m,
  missingLabels: [33m0[39m,
  missingRoles: [33m0[39m
}
]]>
</system-out>
</testcase>
<testcase name="Accessibility Audit › Check heading structure" classname="accessibility-audit.spec.ts" time="2.23">
<system-out>
<![CDATA[📋 Heading Structure Analysis: {
  totalHeadings: [33m8[39m,
  hasH1: [33mtrue[39m,
  orderIssues: [33m1[39m,
  headingLevels: [
    [32m'h1: ...'[39m,
    [32m'h3: Quick Stats...'[39m,
    [32m'h2: ...'[39m,
    [32m'h2: ...'[39m,
    [32m'h2: Core Competencies...'[39m,
    [32m'h3: Product & Strategy...'[39m,
    [32m'h3: Technical & Digital...'[39m,
    [32m'h2: Beyond the Spreadsheets...'[39m
  ]
}
⚠️  Heading Order Issues: [ [32m'Heading level 3 follows h1, skipping levels'[39m ]
]]>
</system-out>
</testcase>
<testcase name="Accessibility Audit › Test color contrast" classname="accessibility-audit.spec.ts" time="2.826">
<failure message="accessibility-audit.spec.ts:110:7 Test color contrast" type="FAILURE">
<![CDATA[  [Mobile Chrome] › accessibility-audit.spec.ts:110:7 › Accessibility Audit › Test color contrast ──

    Error: expect(received).toBeGreaterThan(expected)

    Expected: > 0
    Received:   0

      125 |
      126 |     // Should check some elements
    > 127 |     expect(contrastResults.length).toBeGreaterThan(0)
          |                                    ^
      128 |   })
      129 |
      130 |   test('Check focus indicators', async () => {
        at /Users/lukashosala/Documents/Claude AI apps/Portfolio by Lukas/tests/production/accessibility-audit.spec.ts:127:36

    attachment #1: screenshot (image/png) ──────────────────────────────────────────────────────────
    ../../test-results/accessibility-audit-Accessibility-Audit-Test-color-contrast-Mobile-Chrome/test-failed-1.png
    ────────────────────────────────────────────────────────────────────────────────────────────────

    attachment #2: video (video/webm) ──────────────────────────────────────────────────────────────
    ../../test-results/accessibility-audit-Accessibility-Audit-Test-color-contrast-Mobile-Chrome/video.webm
    ────────────────────────────────────────────────────────────────────────────────────────────────

    Error Context: ../../test-results/accessibility-audit-Accessibility-Audit-Test-color-contrast-Mobile-Chrome/error-context.md
]]>
</failure>
<system-out>
<![CDATA[🎨 Color Contrast Analysis: { elementsChecked: [33m0[39m, potentialIssues: [33m0[39m }

[[ATTACHMENT|../test-results/accessibility-audit-Accessibility-Audit-Test-color-contrast-Mobile-Chrome/test-failed-1.png]]

[[ATTACHMENT|../test-results/accessibility-audit-Accessibility-Audit-Test-color-contrast-Mobile-Chrome/video.webm]]

[[ATTACHMENT|../test-results/accessibility-audit-Accessibility-Audit-Test-color-contrast-Mobile-Chrome/error-context.md]]
]]>
</system-out>
</testcase>
<testcase name="Accessibility Audit › Check focus indicators" classname="accessibility-audit.spec.ts" time="1.885">
<system-out>
<![CDATA[🎯 Focus Indicator Analysis: { elementsChecked: [33m10[39m, elementsWithFocus: [33m10[39m, elementsWithoutFocus: [33m0[39m }
]]>
</system-out>
</testcase>
<testcase name="Accessibility Audit › Test with screen reader simulation" classname="accessibility-audit.spec.ts" time="1.553">
<system-out>
<![CDATA[🗣️  Screen Reader Compatibility: {
  landmarksCount: [33m4[39m,
  headingsCount: [33m8[39m,
  listsCount: [33m0[39m,
  imagesWithAlt: [33m0[39m,
  imagesWithoutAlt: [33m0[39m,
  buttonsWithLabels: [33m2[39m,
  linksWithText: [33m11[39m
}
]]>
</system-out>
</testcase>
<testcase name="Accessibility Audit › Mobile accessibility testing" classname="accessibility-audit.spec.ts" time="2.176">
<failure message="accessibility-audit.spec.ts:199:7 Mobile accessibility testing" type="FAILURE">
<![CDATA[  [Mobile Chrome] › accessibility-audit.spec.ts:199:7 › Accessibility Audit › Mobile accessibility testing 

    Error: expect(received).toBeGreaterThan(expected)

    Expected: > 70
    Received:   0

      232 |     // Most touch targets should meet minimum size requirements
      233 |     const meetsMinimumPercentage = (touchTargets.filter(t => t.meetsMinimum).length / touchTargets.length) * 100
    > 234 |     expect(meetsMinimumPercentage).toBeGreaterThan(70) // At least 70% should meet minimum size
          |                                    ^
      235 |   })
      236 | })
        at /Users/lukashosala/Documents/Claude AI apps/Portfolio by Lukas/tests/production/accessibility-audit.spec.ts:234:36

    attachment #1: screenshot (image/png) ──────────────────────────────────────────────────────────
    ../../test-results/accessibility-audit-Access-5e1d5-obile-accessibility-testing-Mobile-Chrome/test-failed-1.png
    ────────────────────────────────────────────────────────────────────────────────────────────────

    attachment #2: video (video/webm) ──────────────────────────────────────────────────────────────
    ../../test-results/accessibility-audit-Access-5e1d5-obile-accessibility-testing-Mobile-Chrome/video.webm
    ────────────────────────────────────────────────────────────────────────────────────────────────

    Error Context: ../../test-results/accessibility-audit-Access-5e1d5-obile-accessibility-testing-Mobile-Chrome/error-context.md
]]>
</failure>
<system-out>
<![CDATA[📱 Mobile Touch Target Analysis: { elementsChecked: [33m10[39m, meetingMinimum: [33m0[39m, averageSize: [33m12[39m }

[[ATTACHMENT|../test-results/accessibility-audit-Access-5e1d5-obile-accessibility-testing-Mobile-Chrome/test-failed-1.png]]

[[ATTACHMENT|../test-results/accessibility-audit-Access-5e1d5-obile-accessibility-testing-Mobile-Chrome/video.webm]]

[[ATTACHMENT|../test-results/accessibility-audit-Access-5e1d5-obile-accessibility-testing-Mobile-Chrome/error-context.md]]
]]>
</system-out>
</testcase>
</testsuite>
<testsuite name="cross-deployment-comparison.spec.ts" timestamp="2025-09-29T15:48:38.861Z" hostname="Mobile Chrome" tests="8" failures="3" skipped="0" time="23.152" errors="0">
<testcase name="Cross-Deployment Comparison › Compare About page availability and response codes" classname="cross-deployment-comparison.spec.ts" time="5.404">
<system-out>
<![CDATA[Deployment Comparison: {
  "production": {
    "url": "https://portfolio-by-lukas.vercel.app/about",
    "status": 200,
    "accessible": true
  },
  "preview": {
    "url": "https://portfolio-by-lukas-53leuy2oe-lukas-projects-946e068e.vercel.app/about",
    "status": 401,
    "accessible": false
  }
}
ℹ️  Preview URL is protected by Vercel authentication - this is expected behavior
]]>
</system-out>
</testcase>
<testcase name="Cross-Deployment Comparison › Compare page content structure (production only)" classname="cross-deployment-comparison.spec.ts" time="2.104">
<failure message="cross-deployment-comparison.spec.ts:67:7 Compare page content structure (production only)" type="FAILURE">
<![CDATA[  [Mobile Chrome] › cross-deployment-comparison.spec.ts:67:7 › Cross-Deployment Comparison › Compare page content structure (production only) 

    Error: locator.isVisible: Error: strict mode violation: locator('[data-section="leadership"], section:has-text("Leadership")') resolved to 3 elements:
        1) <section class="mb-16">…</section> aka locator('section').filter({ hasText: 'Team LeadershipDigital' })
        2) <section class="mb-16">…</section> aka getByText('Core CompetenciesProduct &')
        3) <section class="mb-16">…</section> aka locator('section').filter({ hasText: 'Beyond the SpreadsheetsWhen I' })

    Call log:
        - checking visibility of locator('[data-section="leadership"], section:has-text("Leadership")')


       at ../pages/AboutPage.ts:152

      150 |
      151 |     for (const section of sections) {
    > 152 |       const isVisible = await section.locator.isVisible()
          |                                               ^
      153 |       const content = await section.locator.textContent()
      154 |       const hasImages = await section.locator.locator('img').count() > 0
      155 |       const hasButtons = await section.locator.locator('button').count() > 0
        at AboutPage.checkSectionContent (/Users/lukashosala/Documents/Claude AI apps/Portfolio by Lukas/tests/pages/AboutPage.ts:152:47)
        at /Users/lukashosala/Documents/Claude AI apps/Portfolio by Lukas/tests/production/cross-deployment-comparison.spec.ts:73:27

    attachment #1: screenshot (image/png) ──────────────────────────────────────────────────────────
    ../../test-results/cross-deployment-compariso-ac8e9--structure-production-only--Mobile-Chrome/test-failed-4.png
    ────────────────────────────────────────────────────────────────────────────────────────────────

    attachment #2: screenshot (image/png) ──────────────────────────────────────────────────────────
    ../../test-results/cross-deployment-compariso-ac8e9--structure-production-only--Mobile-Chrome/test-failed-2.png
    ────────────────────────────────────────────────────────────────────────────────────────────────

    attachment #3: screenshot (image/png) ──────────────────────────────────────────────────────────
    ../../test-results/cross-deployment-compariso-ac8e9--structure-production-only--Mobile-Chrome/test-failed-3.png
    ────────────────────────────────────────────────────────────────────────────────────────────────

    attachment #4: screenshot (image/png) ──────────────────────────────────────────────────────────
    ../../test-results/cross-deployment-compariso-ac8e9--structure-production-only--Mobile-Chrome/test-failed-1.png
    ────────────────────────────────────────────────────────────────────────────────────────────────

    Error Context: ../../test-results/cross-deployment-compariso-ac8e9--structure-production-only--Mobile-Chrome/error-context.md
]]>
</failure>
<system-out>
<![CDATA[
[[ATTACHMENT|../test-results/cross-deployment-compariso-ac8e9--structure-production-only--Mobile-Chrome/test-failed-4.png]]

[[ATTACHMENT|../test-results/cross-deployment-compariso-ac8e9--structure-production-only--Mobile-Chrome/test-failed-2.png]]

[[ATTACHMENT|../test-results/cross-deployment-compariso-ac8e9--structure-production-only--Mobile-Chrome/test-failed-3.png]]

[[ATTACHMENT|../test-results/cross-deployment-compariso-ac8e9--structure-production-only--Mobile-Chrome/test-failed-1.png]]

[[ATTACHMENT|../test-results/cross-deployment-compariso-ac8e9--structure-production-only--Mobile-Chrome/error-context.md]]
]]>
</system-out>
</testcase>
<testcase name="Cross-Deployment Comparison › Verify navigation functionality" classname="cross-deployment-comparison.spec.ts" time="3.353">
<system-out>
<![CDATA[✓ Navigation link / is accessible
✓ Navigation link /about is accessible
✓ Navigation link /skills is accessible
]]>
</system-out>
</testcase>
<testcase name="Cross-Deployment Comparison › Check responsive design" classname="cross-deployment-comparison.spec.ts" time="3.804">
<failure message="cross-deployment-comparison.spec.ts:114:7 Check responsive design" type="FAILURE">
<![CDATA[  [Mobile Chrome] › cross-deployment-comparison.spec.ts:114:7 › Cross-Deployment Comparison › Check responsive design 

    Error: expect(received).toBe(expected) // Object.is equality

    Expected: true
    Received: false

      129 |     const desktopResult = responsiveResults.find(r => r.viewport === 'desktop')
      130 |
    > 131 |     expect(mobileResult?.mobileMenuVisible).toBe(true)
          |                                             ^
      132 |     expect(desktopResult?.navVisible).toBe(true)
      133 |   })
      134 |
        at /Users/lukashosala/Documents/Claude AI apps/Portfolio by Lukas/tests/production/cross-deployment-comparison.spec.ts:131:45

    attachment #1: screenshot (image/png) ──────────────────────────────────────────────────────────
    ../../test-results/cross-deployment-compariso-c08e8-son-Check-responsive-design-Mobile-Chrome/test-failed-4.png
    ────────────────────────────────────────────────────────────────────────────────────────────────

    attachment #2: screenshot (image/png) ──────────────────────────────────────────────────────────
    ../../test-results/cross-deployment-compariso-c08e8-son-Check-responsive-design-Mobile-Chrome/test-failed-2.png
    ────────────────────────────────────────────────────────────────────────────────────────────────

    attachment #3: screenshot (image/png) ──────────────────────────────────────────────────────────
    ../../test-results/cross-deployment-compariso-c08e8-son-Check-responsive-design-Mobile-Chrome/test-failed-1.png
    ────────────────────────────────────────────────────────────────────────────────────────────────

    attachment #4: screenshot (image/png) ──────────────────────────────────────────────────────────
    ../../test-results/cross-deployment-compariso-c08e8-son-Check-responsive-design-Mobile-Chrome/test-failed-3.png
    ────────────────────────────────────────────────────────────────────────────────────────────────

    Error Context: ../../test-results/cross-deployment-compariso-c08e8-son-Check-responsive-design-Mobile-Chrome/error-context.md
]]>
</failure>
<system-out>
<![CDATA[Responsive Design Check: [
  {
    viewport: [32m'mobile'[39m,
    dimensions: [32m'375x667'[39m,
    heroVisible: [33mtrue[39m,
    navVisible: [33mfalse[39m,
    mobileMenuVisible: [33mfalse[39m,
    hasHorizontalScroll: [33mfalse[39m
  },
  {
    viewport: [32m'tablet'[39m,
    dimensions: [32m'768x1024'[39m,
    heroVisible: [33mtrue[39m,
    navVisible: [33mtrue[39m,
    mobileMenuVisible: [33mfalse[39m,
    hasHorizontalScroll: [33mfalse[39m
  },
  {
    viewport: [32m'desktop'[39m,
    dimensions: [32m'1440x900'[39m,
    heroVisible: [33mtrue[39m,
    navVisible: [33mtrue[39m,
    mobileMenuVisible: [33mfalse[39m,
    hasHorizontalScroll: [33mfalse[39m
  }
]

[[ATTACHMENT|../test-results/cross-deployment-compariso-c08e8-son-Check-responsive-design-Mobile-Chrome/test-failed-4.png]]

[[ATTACHMENT|../test-results/cross-deployment-compariso-c08e8-son-Check-responsive-design-Mobile-Chrome/test-failed-2.png]]

[[ATTACHMENT|../test-results/cross-deployment-compariso-c08e8-son-Check-responsive-design-Mobile-Chrome/test-failed-1.png]]

[[ATTACHMENT|../test-results/cross-deployment-compariso-c08e8-son-Check-responsive-design-Mobile-Chrome/test-failed-3.png]]

[[ATTACHMENT|../test-results/cross-deployment-compariso-c08e8-son-Check-responsive-design-Mobile-Chrome/error-context.md]]
]]>
</system-out>
</testcase>
<testcase name="Cross-Deployment Comparison › Validate images and media" classname="cross-deployment-comparison.spec.ts" time="2.318">
<failure message="cross-deployment-comparison.spec.ts:135:7 Validate images and media" type="FAILURE">
<![CDATA[  [Mobile Chrome] › cross-deployment-comparison.spec.ts:135:7 › Cross-Deployment Comparison › Validate images and media 

    Error: expect(received).toBeGreaterThan(expected)

    Expected: > 0
    Received:   0

      156 |     }
      157 |
    > 158 |     expect(imageCheck.length).toBeGreaterThan(0) // Should have some images
          |                               ^
      159 |   })
      160 |
      161 |   test('Test interactive elements', async () => {
        at /Users/lukashosala/Documents/Claude AI apps/Portfolio by Lukas/tests/production/cross-deployment-comparison.spec.ts:158:31

    attachment #1: screenshot (image/png) ──────────────────────────────────────────────────────────
    ../../test-results/cross-deployment-compariso-97e5e-n-Validate-images-and-media-Mobile-Chrome/test-failed-1.png
    ────────────────────────────────────────────────────────────────────────────────────────────────

    attachment #2: screenshot (image/png) ──────────────────────────────────────────────────────────
    ../../test-results/cross-deployment-compariso-97e5e-n-Validate-images-and-media-Mobile-Chrome/test-failed-2.png
    ────────────────────────────────────────────────────────────────────────────────────────────────

    Error Context: ../../test-results/cross-deployment-compariso-97e5e-n-Validate-images-and-media-Mobile-Chrome/error-context.md
]]>
</failure>
<system-out>
<![CDATA[Image Analysis: { totalImages: [33m0[39m, imagesWithAlt: [33m0[39m, loadedImages: [33m0[39m }

[[ATTACHMENT|../test-results/cross-deployment-compariso-97e5e-n-Validate-images-and-media-Mobile-Chrome/test-failed-1.png]]

[[ATTACHMENT|../test-results/cross-deployment-compariso-97e5e-n-Validate-images-and-media-Mobile-Chrome/test-failed-2.png]]

[[ATTACHMENT|../test-results/cross-deployment-compariso-97e5e-n-Validate-images-and-media-Mobile-Chrome/error-context.md]]
]]>
</system-out>
</testcase>
<testcase name="Cross-Deployment Comparison › Test interactive elements" classname="cross-deployment-comparison.spec.ts" time="1.962">
<system-out>
<![CDATA[Theme Toggle Test: {
  initialTheme: [32m'light'[39m,
  newTheme: [32m'light'[39m,
  toggled: [33mfalse[39m,
  toggleExists: [33mfalse[39m
}
Mobile Menu Test: { toggleExists: [33mfalse[39m, menuOpened: [33mfalse[39m, menuClosed: [33mfalse[39m }
]]>
</system-out>
</testcase>
<testcase name="Cross-Deployment Comparison › Check for console errors and warnings" classname="cross-deployment-comparison.spec.ts" time="4.054">
<system-out>
<![CDATA[Console Analysis: { totalMessages: [33m0[39m, errors: [33m0[39m, warnings: [33m0[39m }
]]>
</system-out>
</testcase>
<testcase name="Cross-Deployment Comparison › Compare deployment configuration differences" classname="cross-deployment-comparison.spec.ts" time="0.153">
<system-out>
<![CDATA[🔍 Deployment Analysis: {
  "production": {
    "url": "https://portfolio-by-lukas.vercel.app",
    "description": "Main production deployment",
    "expectedStatus": 200,
    "features": [
      "Full functionality",
      "Public access",
      "SEO optimized"
    ]
  },
  "preview": {
    "url": "https://portfolio-by-lukas-53leuy2oe-lukas-projects-946e068e.vercel.app",
    "description": "Vercel preview deployment with authentication",
    "expectedStatus": 401,
    "features": [
      "Vercel SSO protection",
      "Preview-only access",
      "Not indexed by search engines"
    ],
    "issue": "Protected by Vercel preview authentication system"
  }
}
✅ Preview URL authentication is working as expected (401 response)
✅ Production URL is publicly accessible (200 response)
]]>
</system-out>
</testcase>
</testsuite>
<testsuite name="performance-testing.spec.ts" timestamp="2025-09-29T15:48:38.861Z" hostname="Mobile Chrome" tests="8" failures="2" skipped="0" time="29.863" errors="0">
<testcase name="Performance Testing › Measure page load performance" classname="performance-testing.spec.ts" time="3.925">
<system-out>
<![CDATA[⚡ Page Performance Metrics: {
  [32m'Load Time'[39m: [32m'0.00ms'[39m,
  [32m'DOM Content Loaded'[39m: [32m'0.00ms'[39m,
  [32m'First Contentful Paint'[39m: [32m'0.00ms'[39m,
  [32m'Network Requests'[39m: [32m'17'[39m,
  [32m'Total Size'[39m: [32m'240.44KB'[39m
}
📊 Total Load Duration: 3548ms
]]>
</system-out>
</testcase>
<testcase name="Performance Testing › Measure Core Web Vitals" classname="performance-testing.spec.ts" time="5.185">
<system-out>
<![CDATA[🎯 Core Web Vitals: {
  [32m'First Contentful Paint'[39m: [32m'Not measured'[39m,
  [32m'Largest Contentful Paint'[39m: [32m'Not measured'[39m,
  [32m'Cumulative Layout Shift'[39m: [32m'Not measured'[39m,
  [32m'First Input Delay'[39m: [32m'Not measured'[39m,
  [32m'Time to First Byte'[39m: [32m'77.30ms'[39m
}
]]>
</system-out>
</testcase>
<testcase name="Performance Testing › Audit network requests" classname="performance-testing.spec.ts" time="0.785">
<failure message="performance-testing.spec.ts:57:7 Audit network requests" type="FAILURE">
<![CDATA[  [Mobile Chrome] › performance-testing.spec.ts:57:7 › Performance Testing › Audit network requests 

    TypeError: response.timing is not a function

      67 |     aboutPage.page.on('response', async (response) => {
      68 |       const request = response.request()
    > 69 |       const timing = response.timing()
         |                               ^
      70 |
      71 |       try {
      72 |         const body = await response.body()
        at Page.<anonymous> (/Users/lukashosala/Documents/Claude AI apps/Portfolio by Lukas/tests/production/performance-testing.spec.ts:69:31)

    Error: page.waitForLoadState: Test ended.

       at ../pages/AboutPage.ts:46

      44 |
      45 |     // Wait for network to settle
    > 46 |     await this.page.waitForLoadState('networkidle')
         |                     ^
      47 |   }
      48 |
      49 |   async checkHeroSection() {
        at AboutPage.waitForPageLoad (/Users/lukashosala/Documents/Claude AI apps/Portfolio by Lukas/tests/pages/AboutPage.ts:46:21)
        at AboutPage.goto (/Users/lukashosala/Documents/Claude AI apps/Portfolio by Lukas/tests/pages/AboutPage.ts:30:5)
        at /Users/lukashosala/Documents/Claude AI apps/Portfolio by Lukas/tests/production/performance-testing.spec.ts:86:5

    attachment #1: screenshot (image/png) ──────────────────────────────────────────────────────────
    ../../test-results/performance-testing-Perfor-0b658-ting-Audit-network-requests-Mobile-Chrome/test-failed-2.png
    ────────────────────────────────────────────────────────────────────────────────────────────────

    attachment #2: screenshot (image/png) ──────────────────────────────────────────────────────────
    ../../test-results/performance-testing-Perfor-0b658-ting-Audit-network-requests-Mobile-Chrome/test-failed-1.png
    ────────────────────────────────────────────────────────────────────────────────────────────────

    attachment #3: screenshot (image/png) ──────────────────────────────────────────────────────────
    ../../test-results/performance-testing-Perfor-0b658-ting-Audit-network-requests-Mobile-Chrome/test-failed-3.png
    ────────────────────────────────────────────────────────────────────────────────────────────────

    attachment #4: video (video/webm) ──────────────────────────────────────────────────────────────
    ../../test-results/performance-testing-Perfor-0b658-ting-Audit-network-requests-Mobile-Chrome/video.webm
    ────────────────────────────────────────────────────────────────────────────────────────────────

    Error Context: ../../test-results/performance-testing-Perfor-0b658-ting-Audit-network-requests-Mobile-Chrome/error-context.md
]]>
</failure>
<system-out>
<![CDATA[
[[ATTACHMENT|../test-results/performance-testing-Perfor-0b658-ting-Audit-network-requests-Mobile-Chrome/test-failed-2.png]]

[[ATTACHMENT|../test-results/performance-testing-Perfor-0b658-ting-Audit-network-requests-Mobile-Chrome/test-failed-1.png]]

[[ATTACHMENT|../test-results/performance-testing-Perfor-0b658-ting-Audit-network-requests-Mobile-Chrome/test-failed-3.png]]

[[ATTACHMENT|../test-results/performance-testing-Perfor-0b658-ting-Audit-network-requests-Mobile-Chrome/video.webm]]

[[ATTACHMENT|../test-results/performance-testing-Perfor-0b658-ting-Audit-network-requests-Mobile-Chrome/error-context.md]]
]]>
</system-out>
</testcase>
<testcase name="Performance Testing › Check image optimization" classname="performance-testing.spec.ts" time="1.896">
<system-out>
<![CDATA[🖼️  Image Optimization Analysis: { totalImages: [33m0[39m, lazyLoadedImages: [33m0[39m, issues: [33m0[39m }
]]>
</system-out>
</testcase>
<testcase name="Performance Testing › Performance comparison across viewports" classname="performance-testing.spec.ts" time="9.856">
<failure message="performance-testing.spec.ts:147:7 Performance comparison across viewports" type="FAILURE">
<![CDATA[  [Mobile Chrome] › performance-testing.spec.ts:147:7 › Performance Testing › Performance comparison across viewports 

    Error: expect(received).toBeLessThan(expected)

    Expected: < 50
    Received:   NaN

      185 |
      186 |       // Mobile shouldn't be significantly slower than desktop
    > 187 |       expect(Math.abs(comparison.loadTime.percentChange)).toBeLessThan(50) // Less than 50% difference
          |                                                           ^
      188 |     }
      189 |
      190 |     // All viewports should meet basic performance criteria
        at /Users/lukashosala/Documents/Claude AI apps/Portfolio by Lukas/tests/production/performance-testing.spec.ts:187:59

    attachment #1: screenshot (image/png) ──────────────────────────────────────────────────────────
    ../../test-results/performance-testing-Perfor-45275-comparison-across-viewports-Mobile-Chrome/test-failed-1.png
    ────────────────────────────────────────────────────────────────────────────────────────────────

    attachment #2: video (video/webm) ──────────────────────────────────────────────────────────────
    ../../test-results/performance-testing-Perfor-45275-comparison-across-viewports-Mobile-Chrome/video.webm
    ────────────────────────────────────────────────────────────────────────────────────────────────

    Error Context: ../../test-results/performance-testing-Perfor-45275-comparison-across-viewports-Mobile-Chrome/error-context.md
]]>
</failure>
<system-out>
<![CDATA[📱 MOBILE Performance: {
  [32m'Load Time'[39m: [32m'0.00ms'[39m,
  [32m'DOM Content Loaded'[39m: [32m'0.00ms'[39m,
  [32m'First Contentful Paint'[39m: [32m'0.00ms'[39m,
  [32m'Network Requests'[39m: [32m'17'[39m,
  [32m'Total Size'[39m: [32m'240.44KB'[39m
}
📱 TABLET Performance: {
  [32m'Load Time'[39m: [32m'0.00ms'[39m,
  [32m'DOM Content Loaded'[39m: [32m'0.00ms'[39m,
  [32m'First Contentful Paint'[39m: [32m'0.00ms'[39m,
  [32m'Network Requests'[39m: [32m'24'[39m,
  [32m'Total Size'[39m: [32m'30.59KB'[39m
}
📱 DESKTOP Performance: {
  [32m'Load Time'[39m: [32m'0.00ms'[39m,
  [32m'DOM Content Loaded'[39m: [32m'0.00ms'[39m,
  [32m'First Contentful Paint'[39m: [32m'0.00ms'[39m,
  [32m'Network Requests'[39m: [32m'24'[39m,
  [32m'Total Size'[39m: [32m'1.46KB'[39m
}
📊 Mobile vs Desktop Comparison: {
  [32m'Load Time Difference'[39m: [32m'0.00ms (NaN%)'[39m,
  [32m'Network Requests Difference'[39m: [32m'7 requests'[39m,
  [32m'Size Difference'[39m: [32m'-238.98KB'[39m
}

[[ATTACHMENT|../test-results/performance-testing-Perfor-45275-comparison-across-viewports-Mobile-Chrome/test-failed-1.png]]

[[ATTACHMENT|../test-results/performance-testing-Perfor-45275-comparison-across-viewports-Mobile-Chrome/video.webm]]

[[ATTACHMENT|../test-results/performance-testing-Perfor-45275-comparison-across-viewports-Mobile-Chrome/error-context.md]]
]]>
</system-out>
</testcase>
<testcase name="Performance Testing › Test caching effectiveness" classname="performance-testing.spec.ts" time="1.797">
<system-out>
<![CDATA[🔄 Caching Analysis: { firstVisit: [32m'1452ms'[39m, secondVisit: [32m'122ms'[39m, improvement: [32m'91.6%'[39m }
]]>
</system-out>
</testcase>
<testcase name="Performance Testing › Memory usage monitoring" classname="performance-testing.spec.ts" time="1.669">
<system-out>
<![CDATA[🧠 Memory Usage: {
  [32m'Used Heap'[39m: [32m'9.54MB'[39m,
  [32m'Total Heap'[39m: [32m'9.54MB'[39m,
  [32m'Heap Limit'[39m: [32m'3585.82MB'[39m
}
]]>
</system-out>
</testcase>
<testcase name="Performance Testing › Third-party script performance impact" classname="performance-testing.spec.ts" time="4.75">
<system-out>
<![CDATA[🌍 Third-Party Analysis: { thirdPartyRequests: [33m0[39m, totalSize: [32m'0.00KB'[39m, domains: [] }
]]>
</system-out>
</testcase>
</testsuite>
<testsuite name="accessibility-audit.spec.ts" timestamp="2025-09-29T15:48:38.861Z" hostname="Mobile Safari" tests="8" failures="8" skipped="0" time="0.02" errors="0">
<testcase name="Accessibility Audit › Run comprehensive axe accessibility audit" classname="accessibility-audit.spec.ts" time="0.003">
<failure message="accessibility-audit.spec.ts:13:7 Run comprehensive axe accessibility audit" type="FAILURE">
<![CDATA[  [Mobile Safari] › accessibility-audit.spec.ts:13:7 › Accessibility Audit › Run comprehensive axe accessibility audit 

    Error: browserType.launch: Executable doesn't exist at /Users/lukashosala/Library/Caches/ms-playwright/webkit-2203/pw_run.sh
    ╔═════════════════════════════════════════════════════════════════════════╗
    ║ Looks like Playwright Test or Playwright was just installed or updated. ║
    ║ Please run the following command to download new browsers:              ║
    ║                                                                         ║
    ║     npx playwright install                                              ║
    ║                                                                         ║
    ║ <3 Playwright Team                                                      ║
    ╚═════════════════════════════════════════════════════════════════════════╝
]]>
</failure>
</testcase>
<testcase name="Accessibility Audit › Check keyboard navigation" classname="accessibility-audit.spec.ts" time="0.002">
<failure message="accessibility-audit.spec.ts:41:7 Check keyboard navigation" type="FAILURE">
<![CDATA[  [Mobile Safari] › accessibility-audit.spec.ts:41:7 › Accessibility Audit › Check keyboard navigation 

    Error: browserType.launch: Executable doesn't exist at /Users/lukashosala/Library/Caches/ms-playwright/webkit-2203/pw_run.sh
    ╔═════════════════════════════════════════════════════════════════════════╗
    ║ Looks like Playwright Test or Playwright was just installed or updated. ║
    ║ Please run the following command to download new browsers:              ║
    ║                                                                         ║
    ║     npx playwright install                                              ║
    ║                                                                         ║
    ║ <3 Playwright Team                                                      ║
    ╚═════════════════════════════════════════════════════════════════════════╝
]]>
</failure>
</testcase>
<testcase name="Accessibility Audit › Validate ARIA labels and roles" classname="accessibility-audit.spec.ts" time="0.004">
<failure message="accessibility-audit.spec.ts:63:7 Validate ARIA labels and roles" type="FAILURE">
<![CDATA[  [Mobile Safari] › accessibility-audit.spec.ts:63:7 › Accessibility Audit › Validate ARIA labels and roles 

    Error: browserType.launch: Executable doesn't exist at /Users/lukashosala/Library/Caches/ms-playwright/webkit-2203/pw_run.sh
    ╔═════════════════════════════════════════════════════════════════════════╗
    ║ Looks like Playwright Test or Playwright was just installed or updated. ║
    ║ Please run the following command to download new browsers:              ║
    ║                                                                         ║
    ║     npx playwright install                                              ║
    ║                                                                         ║
    ║ <3 Playwright Team                                                      ║
    ╚═════════════════════════════════════════════════════════════════════════╝
]]>
</failure>
</testcase>
<testcase name="Accessibility Audit › Check heading structure" classname="accessibility-audit.spec.ts" time="0.002">
<failure message="accessibility-audit.spec.ts:85:7 Check heading structure" type="FAILURE">
<![CDATA[  [Mobile Safari] › accessibility-audit.spec.ts:85:7 › Accessibility Audit › Check heading structure 

    Error: browserType.launch: Executable doesn't exist at /Users/lukashosala/Library/Caches/ms-playwright/webkit-2203/pw_run.sh
    ╔═════════════════════════════════════════════════════════════════════════╗
    ║ Looks like Playwright Test or Playwright was just installed or updated. ║
    ║ Please run the following command to download new browsers:              ║
    ║                                                                         ║
    ║     npx playwright install                                              ║
    ║                                                                         ║
    ║ <3 Playwright Team                                                      ║
    ╚═════════════════════════════════════════════════════════════════════════╝
]]>
</failure>
</testcase>
<testcase name="Accessibility Audit › Test color contrast" classname="accessibility-audit.spec.ts" time="0.001">
<failure message="accessibility-audit.spec.ts:110:7 Test color contrast" type="FAILURE">
<![CDATA[  [Mobile Safari] › accessibility-audit.spec.ts:110:7 › Accessibility Audit › Test color contrast ──

    Error: browserType.launch: Executable doesn't exist at /Users/lukashosala/Library/Caches/ms-playwright/webkit-2203/pw_run.sh
    ╔═════════════════════════════════════════════════════════════════════════╗
    ║ Looks like Playwright Test or Playwright was just installed or updated. ║
    ║ Please run the following command to download new browsers:              ║
    ║                                                                         ║
    ║     npx playwright install                                              ║
    ║                                                                         ║
    ║ <3 Playwright Team                                                      ║
    ╚═════════════════════════════════════════════════════════════════════════╝
]]>
</failure>
</testcase>
<testcase name="Accessibility Audit › Check focus indicators" classname="accessibility-audit.spec.ts" time="0.004">
<failure message="accessibility-audit.spec.ts:130:7 Check focus indicators" type="FAILURE">
<![CDATA[  [Mobile Safari] › accessibility-audit.spec.ts:130:7 › Accessibility Audit › Check focus indicators 

    Error: browserType.launch: Executable doesn't exist at /Users/lukashosala/Library/Caches/ms-playwright/webkit-2203/pw_run.sh
    ╔═════════════════════════════════════════════════════════════════════════╗
    ║ Looks like Playwright Test or Playwright was just installed or updated. ║
    ║ Please run the following command to download new browsers:              ║
    ║                                                                         ║
    ║     npx playwright install                                              ║
    ║                                                                         ║
    ║ <3 Playwright Team                                                      ║
    ╚═════════════════════════════════════════════════════════════════════════╝
]]>
</failure>
</testcase>
<testcase name="Accessibility Audit › Test with screen reader simulation" classname="accessibility-audit.spec.ts" time="0.002">
<failure message="accessibility-audit.spec.ts:169:7 Test with screen reader simulation" type="FAILURE">
<![CDATA[  [Mobile Safari] › accessibility-audit.spec.ts:169:7 › Accessibility Audit › Test with screen reader simulation 

    Error: browserType.launch: Executable doesn't exist at /Users/lukashosala/Library/Caches/ms-playwright/webkit-2203/pw_run.sh
    ╔═════════════════════════════════════════════════════════════════════════╗
    ║ Looks like Playwright Test or Playwright was just installed or updated. ║
    ║ Please run the following command to download new browsers:              ║
    ║                                                                         ║
    ║     npx playwright install                                              ║
    ║                                                                         ║
    ║ <3 Playwright Team                                                      ║
    ╚═════════════════════════════════════════════════════════════════════════╝
]]>
</failure>
</testcase>
<testcase name="Accessibility Audit › Mobile accessibility testing" classname="accessibility-audit.spec.ts" time="0.002">
<failure message="accessibility-audit.spec.ts:199:7 Mobile accessibility testing" type="FAILURE">
<![CDATA[  [Mobile Safari] › accessibility-audit.spec.ts:199:7 › Accessibility Audit › Mobile accessibility testing 

    Error: browserType.launch: Executable doesn't exist at /Users/lukashosala/Library/Caches/ms-playwright/webkit-2203/pw_run.sh
    ╔═════════════════════════════════════════════════════════════════════════╗
    ║ Looks like Playwright Test or Playwright was just installed or updated. ║
    ║ Please run the following command to download new browsers:              ║
    ║                                                                         ║
    ║     npx playwright install                                              ║
    ║                                                                         ║
    ║ <3 Playwright Team                                                      ║
    ╚═════════════════════════════════════════════════════════════════════════╝
]]>
</failure>
</testcase>
</testsuite>
<testsuite name="cross-deployment-comparison.spec.ts" timestamp="2025-09-29T15:48:38.861Z" hostname="Mobile Safari" tests="8" failures="8" skipped="0" time="0.017" errors="0">
<testcase name="Cross-Deployment Comparison › Compare About page availability and response codes" classname="cross-deployment-comparison.spec.ts" time="0">
<failure message="cross-deployment-comparison.spec.ts:29:7 Compare About page availability and response codes" type="FAILURE">
<![CDATA[  [Mobile Safari] › cross-deployment-comparison.spec.ts:29:7 › Cross-Deployment Comparison › Compare About page availability and response codes 

    Error: browserType.launch: Executable doesn't exist at /Users/lukashosala/Library/Caches/ms-playwright/webkit-2203/pw_run.sh
    ╔═════════════════════════════════════════════════════════════════════════╗
    ║ Looks like Playwright Test or Playwright was just installed or updated. ║
    ║ Please run the following command to download new browsers:              ║
    ║                                                                         ║
    ║     npx playwright install                                              ║
    ║                                                                         ║
    ║ <3 Playwright Team                                                      ║
    ╚═════════════════════════════════════════════════════════════════════════╝
]]>
</failure>
</testcase>
<testcase name="Cross-Deployment Comparison › Compare page content structure (production only)" classname="cross-deployment-comparison.spec.ts" time="0.001">
<failure message="cross-deployment-comparison.spec.ts:67:7 Compare page content structure (production only)" type="FAILURE">
<![CDATA[  [Mobile Safari] › cross-deployment-comparison.spec.ts:67:7 › Cross-Deployment Comparison › Compare page content structure (production only) 

    Error: browserType.launch: Executable doesn't exist at /Users/lukashosala/Library/Caches/ms-playwright/webkit-2203/pw_run.sh
    ╔═════════════════════════════════════════════════════════════════════════╗
    ║ Looks like Playwright Test or Playwright was just installed or updated. ║
    ║ Please run the following command to download new browsers:              ║
    ║                                                                         ║
    ║     npx playwright install                                              ║
    ║                                                                         ║
    ║ <3 Playwright Team                                                      ║
    ╚═════════════════════════════════════════════════════════════════════════╝
]]>
</failure>
</testcase>
<testcase name="Cross-Deployment Comparison › Verify navigation functionality" classname="cross-deployment-comparison.spec.ts" time="0.001">
<failure message="cross-deployment-comparison.spec.ts:96:7 Verify navigation functionality" type="FAILURE">
<![CDATA[  [Mobile Safari] › cross-deployment-comparison.spec.ts:96:7 › Cross-Deployment Comparison › Verify navigation functionality 

    Error: browserType.launch: Executable doesn't exist at /Users/lukashosala/Library/Caches/ms-playwright/webkit-2203/pw_run.sh
    ╔═════════════════════════════════════════════════════════════════════════╗
    ║ Looks like Playwright Test or Playwright was just installed or updated. ║
    ║ Please run the following command to download new browsers:              ║
    ║                                                                         ║
    ║     npx playwright install                                              ║
    ║                                                                         ║
    ║ <3 Playwright Team                                                      ║
    ╚═════════════════════════════════════════════════════════════════════════╝
]]>
</failure>
</testcase>
<testcase name="Cross-Deployment Comparison › Check responsive design" classname="cross-deployment-comparison.spec.ts" time="0.013">
<failure message="cross-deployment-comparison.spec.ts:114:7 Check responsive design" type="FAILURE">
<![CDATA[  [Mobile Safari] › cross-deployment-comparison.spec.ts:114:7 › Cross-Deployment Comparison › Check responsive design 

    Error: browserType.launch: Executable doesn't exist at /Users/lukashosala/Library/Caches/ms-playwright/webkit-2203/pw_run.sh
    ╔═════════════════════════════════════════════════════════════════════════╗
    ║ Looks like Playwright Test or Playwright was just installed or updated. ║
    ║ Please run the following command to download new browsers:              ║
    ║                                                                         ║
    ║     npx playwright install                                              ║
    ║                                                                         ║
    ║ <3 Playwright Team                                                      ║
    ╚═════════════════════════════════════════════════════════════════════════╝
]]>
</failure>
</testcase>
<testcase name="Cross-Deployment Comparison › Validate images and media" classname="cross-deployment-comparison.spec.ts" time="0">
<failure message="cross-deployment-comparison.spec.ts:135:7 Validate images and media" type="FAILURE">
<![CDATA[  [Mobile Safari] › cross-deployment-comparison.spec.ts:135:7 › Cross-Deployment Comparison › Validate images and media 

    Error: browserType.launch: Executable doesn't exist at /Users/lukashosala/Library/Caches/ms-playwright/webkit-2203/pw_run.sh
    ╔═════════════════════════════════════════════════════════════════════════╗
    ║ Looks like Playwright Test or Playwright was just installed or updated. ║
    ║ Please run the following command to download new browsers:              ║
    ║                                                                         ║
    ║     npx playwright install                                              ║
    ║                                                                         ║
    ║ <3 Playwright Team                                                      ║
    ╚═════════════════════════════════════════════════════════════════════════╝
]]>
</failure>
</testcase>
<testcase name="Cross-Deployment Comparison › Test interactive elements" classname="cross-deployment-comparison.spec.ts" time="0.002">
<failure message="cross-deployment-comparison.spec.ts:161:7 Test interactive elements" type="FAILURE">
<![CDATA[  [Mobile Safari] › cross-deployment-comparison.spec.ts:161:7 › Cross-Deployment Comparison › Test interactive elements 

    Error: browserType.launch: Executable doesn't exist at /Users/lukashosala/Library/Caches/ms-playwright/webkit-2203/pw_run.sh
    ╔═════════════════════════════════════════════════════════════════════════╗
    ║ Looks like Playwright Test or Playwright was just installed or updated. ║
    ║ Please run the following command to download new browsers:              ║
    ║                                                                         ║
    ║     npx playwright install                                              ║
    ║                                                                         ║
    ║ <3 Playwright Team                                                      ║
    ╚═════════════════════════════════════════════════════════════════════════╝
]]>
</failure>
</testcase>
<testcase name="Cross-Deployment Comparison › Check for console errors and warnings" classname="cross-deployment-comparison.spec.ts" time="0">
<failure message="cross-deployment-comparison.spec.ts:183:7 Check for console errors and warnings" type="FAILURE">
<![CDATA[  [Mobile Safari] › cross-deployment-comparison.spec.ts:183:7 › Cross-Deployment Comparison › Check for console errors and warnings 

    Error: browserType.launch: Executable doesn't exist at /Users/lukashosala/Library/Caches/ms-playwright/webkit-2203/pw_run.sh
    ╔═════════════════════════════════════════════════════════════════════════╗
    ║ Looks like Playwright Test or Playwright was just installed or updated. ║
    ║ Please run the following command to download new browsers:              ║
    ║                                                                         ║
    ║     npx playwright install                                              ║
    ║                                                                         ║
    ║ <3 Playwright Team                                                      ║
    ╚═════════════════════════════════════════════════════════════════════════╝
]]>
</failure>
</testcase>
<testcase name="Cross-Deployment Comparison › Compare deployment configuration differences" classname="cross-deployment-comparison.spec.ts" time="0">
<failure message="cross-deployment-comparison.spec.ts:221:7 Compare deployment configuration differences" type="FAILURE">
<![CDATA[  [Mobile Safari] › cross-deployment-comparison.spec.ts:221:7 › Cross-Deployment Comparison › Compare deployment configuration differences 

    Error: browserType.launch: Executable doesn't exist at /Users/lukashosala/Library/Caches/ms-playwright/webkit-2203/pw_run.sh
    ╔═════════════════════════════════════════════════════════════════════════╗
    ║ Looks like Playwright Test or Playwright was just installed or updated. ║
    ║ Please run the following command to download new browsers:              ║
    ║                                                                         ║
    ║     npx playwright install                                              ║
    ║                                                                         ║
    ║ <3 Playwright Team                                                      ║
    ╚═════════════════════════════════════════════════════════════════════════╝
]]>
</failure>
</testcase>
</testsuite>
<testsuite name="performance-testing.spec.ts" timestamp="2025-09-29T15:48:38.861Z" hostname="Mobile Safari" tests="8" failures="8" skipped="0" time="0.02" errors="0">
<testcase name="Performance Testing › Measure page load performance" classname="performance-testing.spec.ts" time="0.002">
<failure message="performance-testing.spec.ts:12:7 Measure page load performance" type="FAILURE">
<![CDATA[  [Mobile Safari] › performance-testing.spec.ts:12:7 › Performance Testing › Measure page load performance 

    Error: browserType.launch: Executable doesn't exist at /Users/lukashosala/Library/Caches/ms-playwright/webkit-2203/pw_run.sh
    ╔═════════════════════════════════════════════════════════════════════════╗
    ║ Looks like Playwright Test or Playwright was just installed or updated. ║
    ║ Please run the following command to download new browsers:              ║
    ║                                                                         ║
    ║     npx playwright install                                              ║
    ║                                                                         ║
    ║ <3 Playwright Team                                                      ║
    ╚═════════════════════════════════════════════════════════════════════════╝
]]>
</failure>
</testcase>
<testcase name="Performance Testing › Measure Core Web Vitals" classname="performance-testing.spec.ts" time="0.002">
<failure message="performance-testing.spec.ts:30:7 Measure Core Web Vitals" type="FAILURE">
<![CDATA[  [Mobile Safari] › performance-testing.spec.ts:30:7 › Performance Testing › Measure Core Web Vitals 

    Error: browserType.launch: Executable doesn't exist at /Users/lukashosala/Library/Caches/ms-playwright/webkit-2203/pw_run.sh
    ╔═════════════════════════════════════════════════════════════════════════╗
    ║ Looks like Playwright Test or Playwright was just installed or updated. ║
    ║ Please run the following command to download new browsers:              ║
    ║                                                                         ║
    ║     npx playwright install                                              ║
    ║                                                                         ║
    ║ <3 Playwright Team                                                      ║
    ╚═════════════════════════════════════════════════════════════════════════╝
]]>
</failure>
</testcase>
<testcase name="Performance Testing › Audit network requests" classname="performance-testing.spec.ts" time="0.001">
<failure message="performance-testing.spec.ts:57:7 Audit network requests" type="FAILURE">
<![CDATA[  [Mobile Safari] › performance-testing.spec.ts:57:7 › Performance Testing › Audit network requests 

    Error: browserType.launch: Executable doesn't exist at /Users/lukashosala/Library/Caches/ms-playwright/webkit-2203/pw_run.sh
    ╔═════════════════════════════════════════════════════════════════════════╗
    ║ Looks like Playwright Test or Playwright was just installed or updated. ║
    ║ Please run the following command to download new browsers:              ║
    ║                                                                         ║
    ║     npx playwright install                                              ║
    ║                                                                         ║
    ║ <3 Playwright Team                                                      ║
    ╚═════════════════════════════════════════════════════════════════════════╝
]]>
</failure>
</testcase>
<testcase name="Performance Testing › Check image optimization" classname="performance-testing.spec.ts" time="0.003">
<failure message="performance-testing.spec.ts:113:7 Check image optimization" type="FAILURE">
<![CDATA[  [Mobile Safari] › performance-testing.spec.ts:113:7 › Performance Testing › Check image optimization 

    Error: browserType.launch: Executable doesn't exist at /Users/lukashosala/Library/Caches/ms-playwright/webkit-2203/pw_run.sh
    ╔═════════════════════════════════════════════════════════════════════════╗
    ║ Looks like Playwright Test or Playwright was just installed or updated. ║
    ║ Please run the following command to download new browsers:              ║
    ║                                                                         ║
    ║     npx playwright install                                              ║
    ║                                                                         ║
    ║ <3 Playwright Team                                                      ║
    ╚═════════════════════════════════════════════════════════════════════════╝
]]>
</failure>
</testcase>
<testcase name="Performance Testing › Performance comparison across viewports" classname="performance-testing.spec.ts" time="0.003">
<failure message="performance-testing.spec.ts:147:7 Performance comparison across viewports" type="FAILURE">
<![CDATA[  [Mobile Safari] › performance-testing.spec.ts:147:7 › Performance Testing › Performance comparison across viewports 

    Error: browserType.launch: Executable doesn't exist at /Users/lukashosala/Library/Caches/ms-playwright/webkit-2203/pw_run.sh
    ╔═════════════════════════════════════════════════════════════════════════╗
    ║ Looks like Playwright Test or Playwright was just installed or updated. ║
    ║ Please run the following command to download new browsers:              ║
    ║                                                                         ║
    ║     npx playwright install                                              ║
    ║                                                                         ║
    ║ <3 Playwright Team                                                      ║
    ╚═════════════════════════════════════════════════════════════════════════╝
]]>
</failure>
</testcase>
<testcase name="Performance Testing › Test caching effectiveness" classname="performance-testing.spec.ts" time="0.003">
<failure message="performance-testing.spec.ts:197:7 Test caching effectiveness" type="FAILURE">
<![CDATA[  [Mobile Safari] › performance-testing.spec.ts:197:7 › Performance Testing › Test caching effectiveness 

    Error: browserType.launch: Executable doesn't exist at /Users/lukashosala/Library/Caches/ms-playwright/webkit-2203/pw_run.sh
    ╔═════════════════════════════════════════════════════════════════════════╗
    ║ Looks like Playwright Test or Playwright was just installed or updated. ║
    ║ Please run the following command to download new browsers:              ║
    ║                                                                         ║
    ║     npx playwright install                                              ║
    ║                                                                         ║
    ║ <3 Playwright Team                                                      ║
    ╚═════════════════════════════════════════════════════════════════════════╝
]]>
</failure>
</testcase>
<testcase name="Performance Testing › Memory usage monitoring" classname="performance-testing.spec.ts" time="0.002">
<failure message="performance-testing.spec.ts:218:7 Memory usage monitoring" type="FAILURE">
<![CDATA[  [Mobile Safari] › performance-testing.spec.ts:218:7 › Performance Testing › Memory usage monitoring 

    Error: browserType.launch: Executable doesn't exist at /Users/lukashosala/Library/Caches/ms-playwright/webkit-2203/pw_run.sh
    ╔═════════════════════════════════════════════════════════════════════════╗
    ║ Looks like Playwright Test or Playwright was just installed or updated. ║
    ║ Please run the following command to download new browsers:              ║
    ║                                                                         ║
    ║     npx playwright install                                              ║
    ║                                                                         ║
    ║ <3 Playwright Team                                                      ║
    ╚═════════════════════════════════════════════════════════════════════════╝
]]>
</failure>
</testcase>
<testcase name="Performance Testing › Third-party script performance impact" classname="performance-testing.spec.ts" time="0.004">
<failure message="performance-testing.spec.ts:246:7 Third-party script performance impact" type="FAILURE">
<![CDATA[  [Mobile Safari] › performance-testing.spec.ts:246:7 › Performance Testing › Third-party script performance impact 

    Error: browserType.launch: Executable doesn't exist at /Users/lukashosala/Library/Caches/ms-playwright/webkit-2203/pw_run.sh
    ╔═════════════════════════════════════════════════════════════════════════╗
    ║ Looks like Playwright Test or Playwright was just installed or updated. ║
    ║ Please run the following command to download new browsers:              ║
    ║                                                                         ║
    ║     npx playwright install                                              ║
    ║                                                                         ║
    ║ <3 Playwright Team                                                      ║
    ╚═════════════════════════════════════════════════════════════════════════╝
]]>
</failure>
</testcase>
</testsuite>
<testsuite name="accessibility-audit.spec.ts" timestamp="2025-09-29T15:48:38.861Z" hostname="Microsoft Edge" tests="8" failures="8" skipped="0" time="0.025" errors="0">
<testcase name="Accessibility Audit › Run comprehensive axe accessibility audit" classname="accessibility-audit.spec.ts" time="0.004">
<failure message="accessibility-audit.spec.ts:13:7 Run comprehensive axe accessibility audit" type="FAILURE">
<![CDATA[  [Microsoft Edge] › accessibility-audit.spec.ts:13:7 › Accessibility Audit › Run comprehensive axe accessibility audit 

    Error: browserType.launch: Chromium distribution 'msedge' is not found at /Applications/Microsoft Edge.app/Contents/MacOS/Microsoft Edge
    Run "npx playwright install msedge"
]]>
</failure>
</testcase>
<testcase name="Accessibility Audit › Check keyboard navigation" classname="accessibility-audit.spec.ts" time="0.004">
<failure message="accessibility-audit.spec.ts:41:7 Check keyboard navigation" type="FAILURE">
<![CDATA[  [Microsoft Edge] › accessibility-audit.spec.ts:41:7 › Accessibility Audit › Check keyboard navigation 

    Error: browserType.launch: Chromium distribution 'msedge' is not found at /Applications/Microsoft Edge.app/Contents/MacOS/Microsoft Edge
    Run "npx playwright install msedge"
]]>
</failure>
</testcase>
<testcase name="Accessibility Audit › Validate ARIA labels and roles" classname="accessibility-audit.spec.ts" time="0.003">
<failure message="accessibility-audit.spec.ts:63:7 Validate ARIA labels and roles" type="FAILURE">
<![CDATA[  [Microsoft Edge] › accessibility-audit.spec.ts:63:7 › Accessibility Audit › Validate ARIA labels and roles 

    Error: browserType.launch: Chromium distribution 'msedge' is not found at /Applications/Microsoft Edge.app/Contents/MacOS/Microsoft Edge
    Run "npx playwright install msedge"
]]>
</failure>
</testcase>
<testcase name="Accessibility Audit › Check heading structure" classname="accessibility-audit.spec.ts" time="0.002">
<failure message="accessibility-audit.spec.ts:85:7 Check heading structure" type="FAILURE">
<![CDATA[  [Microsoft Edge] › accessibility-audit.spec.ts:85:7 › Accessibility Audit › Check heading structure 

    Error: browserType.launch: Chromium distribution 'msedge' is not found at /Applications/Microsoft Edge.app/Contents/MacOS/Microsoft Edge
    Run "npx playwright install msedge"
]]>
</failure>
</testcase>
<testcase name="Accessibility Audit › Test color contrast" classname="accessibility-audit.spec.ts" time="0.005">
<failure message="accessibility-audit.spec.ts:110:7 Test color contrast" type="FAILURE">
<![CDATA[  [Microsoft Edge] › accessibility-audit.spec.ts:110:7 › Accessibility Audit › Test color contrast ─

    Error: browserType.launch: Chromium distribution 'msedge' is not found at /Applications/Microsoft Edge.app/Contents/MacOS/Microsoft Edge
    Run "npx playwright install msedge"
]]>
</failure>
</testcase>
<testcase name="Accessibility Audit › Check focus indicators" classname="accessibility-audit.spec.ts" time="0.002">
<failure message="accessibility-audit.spec.ts:130:7 Check focus indicators" type="FAILURE">
<![CDATA[  [Microsoft Edge] › accessibility-audit.spec.ts:130:7 › Accessibility Audit › Check focus indicators 

    Error: browserType.launch: Chromium distribution 'msedge' is not found at /Applications/Microsoft Edge.app/Contents/MacOS/Microsoft Edge
    Run "npx playwright install msedge"
]]>
</failure>
</testcase>
<testcase name="Accessibility Audit › Test with screen reader simulation" classname="accessibility-audit.spec.ts" time="0.003">
<failure message="accessibility-audit.spec.ts:169:7 Test with screen reader simulation" type="FAILURE">
<![CDATA[  [Microsoft Edge] › accessibility-audit.spec.ts:169:7 › Accessibility Audit › Test with screen reader simulation 

    Error: browserType.launch: Chromium distribution 'msedge' is not found at /Applications/Microsoft Edge.app/Contents/MacOS/Microsoft Edge
    Run "npx playwright install msedge"
]]>
</failure>
</testcase>
<testcase name="Accessibility Audit › Mobile accessibility testing" classname="accessibility-audit.spec.ts" time="0.002">
<failure message="accessibility-audit.spec.ts:199:7 Mobile accessibility testing" type="FAILURE">
<![CDATA[  [Microsoft Edge] › accessibility-audit.spec.ts:199:7 › Accessibility Audit › Mobile accessibility testing 

    Error: browserType.launch: Chromium distribution 'msedge' is not found at /Applications/Microsoft Edge.app/Contents/MacOS/Microsoft Edge
    Run "npx playwright install msedge"
]]>
</failure>
</testcase>
</testsuite>
<testsuite name="cross-deployment-comparison.spec.ts" timestamp="2025-09-29T15:48:38.861Z" hostname="Microsoft Edge" tests="8" failures="8" skipped="0" time="0.008" errors="0">
<testcase name="Cross-Deployment Comparison › Compare About page availability and response codes" classname="cross-deployment-comparison.spec.ts" time="0.002">
<failure message="cross-deployment-comparison.spec.ts:29:7 Compare About page availability and response codes" type="FAILURE">
<![CDATA[  [Microsoft Edge] › cross-deployment-comparison.spec.ts:29:7 › Cross-Deployment Comparison › Compare About page availability and response codes 

    Error: browserType.launch: Chromium distribution 'msedge' is not found at /Applications/Microsoft Edge.app/Contents/MacOS/Microsoft Edge
    Run "npx playwright install msedge"
]]>
</failure>
</testcase>
<testcase name="Cross-Deployment Comparison › Compare page content structure (production only)" classname="cross-deployment-comparison.spec.ts" time="0">
<failure message="cross-deployment-comparison.spec.ts:67:7 Compare page content structure (production only)" type="FAILURE">
<![CDATA[  [Microsoft Edge] › cross-deployment-comparison.spec.ts:67:7 › Cross-Deployment Comparison › Compare page content structure (production only) 

    Error: browserType.launch: Chromium distribution 'msedge' is not found at /Applications/Microsoft Edge.app/Contents/MacOS/Microsoft Edge
    Run "npx playwright install msedge"
]]>
</failure>
</testcase>
<testcase name="Cross-Deployment Comparison › Verify navigation functionality" classname="cross-deployment-comparison.spec.ts" time="0.001">
<failure message="cross-deployment-comparison.spec.ts:96:7 Verify navigation functionality" type="FAILURE">
<![CDATA[  [Microsoft Edge] › cross-deployment-comparison.spec.ts:96:7 › Cross-Deployment Comparison › Verify navigation functionality 

    Error: browserType.launch: Chromium distribution 'msedge' is not found at /Applications/Microsoft Edge.app/Contents/MacOS/Microsoft Edge
    Run "npx playwright install msedge"
]]>
</failure>
</testcase>
<testcase name="Cross-Deployment Comparison › Check responsive design" classname="cross-deployment-comparison.spec.ts" time="0">
<failure message="cross-deployment-comparison.spec.ts:114:7 Check responsive design" type="FAILURE">
<![CDATA[  [Microsoft Edge] › cross-deployment-comparison.spec.ts:114:7 › Cross-Deployment Comparison › Check responsive design 

    Error: browserType.launch: Chromium distribution 'msedge' is not found at /Applications/Microsoft Edge.app/Contents/MacOS/Microsoft Edge
    Run "npx playwright install msedge"
]]>
</failure>
</testcase>
<testcase name="Cross-Deployment Comparison › Validate images and media" classname="cross-deployment-comparison.spec.ts" time="0.002">
<failure message="cross-deployment-comparison.spec.ts:135:7 Validate images and media" type="FAILURE">
<![CDATA[  [Microsoft Edge] › cross-deployment-comparison.spec.ts:135:7 › Cross-Deployment Comparison › Validate images and media 

    Error: browserType.launch: Chromium distribution 'msedge' is not found at /Applications/Microsoft Edge.app/Contents/MacOS/Microsoft Edge
    Run "npx playwright install msedge"
]]>
</failure>
</testcase>
<testcase name="Cross-Deployment Comparison › Test interactive elements" classname="cross-deployment-comparison.spec.ts" time="0.001">
<failure message="cross-deployment-comparison.spec.ts:161:7 Test interactive elements" type="FAILURE">
<![CDATA[  [Microsoft Edge] › cross-deployment-comparison.spec.ts:161:7 › Cross-Deployment Comparison › Test interactive elements 

    Error: browserType.launch: Chromium distribution 'msedge' is not found at /Applications/Microsoft Edge.app/Contents/MacOS/Microsoft Edge
    Run "npx playwright install msedge"
]]>
</failure>
</testcase>
<testcase name="Cross-Deployment Comparison › Check for console errors and warnings" classname="cross-deployment-comparison.spec.ts" time="0.001">
<failure message="cross-deployment-comparison.spec.ts:183:7 Check for console errors and warnings" type="FAILURE">
<![CDATA[  [Microsoft Edge] › cross-deployment-comparison.spec.ts:183:7 › Cross-Deployment Comparison › Check for console errors and warnings 

    Error: browserType.launch: Chromium distribution 'msedge' is not found at /Applications/Microsoft Edge.app/Contents/MacOS/Microsoft Edge
    Run "npx playwright install msedge"
]]>
</failure>
</testcase>
<testcase name="Cross-Deployment Comparison › Compare deployment configuration differences" classname="cross-deployment-comparison.spec.ts" time="0.001">
<failure message="cross-deployment-comparison.spec.ts:221:7 Compare deployment configuration differences" type="FAILURE">
<![CDATA[  [Microsoft Edge] › cross-deployment-comparison.spec.ts:221:7 › Cross-Deployment Comparison › Compare deployment configuration differences 

    Error: browserType.launch: Chromium distribution 'msedge' is not found at /Applications/Microsoft Edge.app/Contents/MacOS/Microsoft Edge
    Run "npx playwright install msedge"
]]>
</failure>
</testcase>
</testsuite>
<testsuite name="performance-testing.spec.ts" timestamp="2025-09-29T15:48:38.861Z" hostname="Microsoft Edge" tests="8" failures="8" skipped="0" time="0.025" errors="0">
<testcase name="Performance Testing › Measure page load performance" classname="performance-testing.spec.ts" time="0.003">
<failure message="performance-testing.spec.ts:12:7 Measure page load performance" type="FAILURE">
<![CDATA[  [Microsoft Edge] › performance-testing.spec.ts:12:7 › Performance Testing › Measure page load performance 

    Error: browserType.launch: Chromium distribution 'msedge' is not found at /Applications/Microsoft Edge.app/Contents/MacOS/Microsoft Edge
    Run "npx playwright install msedge"
]]>
</failure>
</testcase>
<testcase name="Performance Testing › Measure Core Web Vitals" classname="performance-testing.spec.ts" time="0.003">
<failure message="performance-testing.spec.ts:30:7 Measure Core Web Vitals" type="FAILURE">
<![CDATA[  [Microsoft Edge] › performance-testing.spec.ts:30:7 › Performance Testing › Measure Core Web Vitals 

    Error: browserType.launch: Chromium distribution 'msedge' is not found at /Applications/Microsoft Edge.app/Contents/MacOS/Microsoft Edge
    Run "npx playwright install msedge"
]]>
</failure>
</testcase>
<testcase name="Performance Testing › Audit network requests" classname="performance-testing.spec.ts" time="0.003">
<failure message="performance-testing.spec.ts:57:7 Audit network requests" type="FAILURE">
<![CDATA[  [Microsoft Edge] › performance-testing.spec.ts:57:7 › Performance Testing › Audit network requests 

    Error: browserType.launch: Chromium distribution 'msedge' is not found at /Applications/Microsoft Edge.app/Contents/MacOS/Microsoft Edge
    Run "npx playwright install msedge"
]]>
</failure>
</testcase>
<testcase name="Performance Testing › Check image optimization" classname="performance-testing.spec.ts" time="0.003">
<failure message="performance-testing.spec.ts:113:7 Check image optimization" type="FAILURE">
<![CDATA[  [Microsoft Edge] › performance-testing.spec.ts:113:7 › Performance Testing › Check image optimization 

    Error: browserType.launch: Chromium distribution 'msedge' is not found at /Applications/Microsoft Edge.app/Contents/MacOS/Microsoft Edge
    Run "npx playwright install msedge"
]]>
</failure>
</testcase>
<testcase name="Performance Testing › Performance comparison across viewports" classname="performance-testing.spec.ts" time="0.004">
<failure message="performance-testing.spec.ts:147:7 Performance comparison across viewports" type="FAILURE">
<![CDATA[  [Microsoft Edge] › performance-testing.spec.ts:147:7 › Performance Testing › Performance comparison across viewports 

    Error: browserType.launch: Chromium distribution 'msedge' is not found at /Applications/Microsoft Edge.app/Contents/MacOS/Microsoft Edge
    Run "npx playwright install msedge"
]]>
</failure>
</testcase>
<testcase name="Performance Testing › Test caching effectiveness" classname="performance-testing.spec.ts" time="0.002">
<failure message="performance-testing.spec.ts:197:7 Test caching effectiveness" type="FAILURE">
<![CDATA[  [Microsoft Edge] › performance-testing.spec.ts:197:7 › Performance Testing › Test caching effectiveness 

    Error: browserType.launch: Chromium distribution 'msedge' is not found at /Applications/Microsoft Edge.app/Contents/MacOS/Microsoft Edge
    Run "npx playwright install msedge"
]]>
</failure>
</testcase>
<testcase name="Performance Testing › Memory usage monitoring" classname="performance-testing.spec.ts" time="0.003">
<failure message="performance-testing.spec.ts:218:7 Memory usage monitoring" type="FAILURE">
<![CDATA[  [Microsoft Edge] › performance-testing.spec.ts:218:7 › Performance Testing › Memory usage monitoring 

    Error: browserType.launch: Chromium distribution 'msedge' is not found at /Applications/Microsoft Edge.app/Contents/MacOS/Microsoft Edge
    Run "npx playwright install msedge"
]]>
</failure>
</testcase>
<testcase name="Performance Testing › Third-party script performance impact" classname="performance-testing.spec.ts" time="0.004">
<failure message="performance-testing.spec.ts:246:7 Third-party script performance impact" type="FAILURE">
<![CDATA[  [Microsoft Edge] › performance-testing.spec.ts:246:7 › Performance Testing › Third-party script performance impact 

    Error: browserType.launch: Chromium distribution 'msedge' is not found at /Applications/Microsoft Edge.app/Contents/MacOS/Microsoft Edge
    Run "npx playwright install msedge"
]]>
</failure>
</testcase>
</testsuite>
<testsuite name="accessibility-audit.spec.ts" timestamp="2025-09-29T15:48:38.861Z" hostname="Google Chrome" tests="8" failures="2" skipped="0" time="35.062" errors="0">
<testcase name="Accessibility Audit › Run comprehensive axe accessibility audit" classname="accessibility-audit.spec.ts" time="5.65">
<system-out>
<![CDATA[🔍 Accessibility Audit Results: { violations: [33m1[39m, passes: [33m20[39m, incomplete: [33m1[39m }
🚨 Accessibility Violations:
1. aria-progressbar-name: Ensure every ARIA progressbar node has an accessible name
   Impact: serious
   Help: https://dequeuniversity.com/rules/axe/4.10/aria-progressbar-name?application=playwright
   Nodes affected: 8
]]>
</system-out>
</testcase>
<testcase name="Accessibility Audit › Check keyboard navigation" classname="accessibility-audit.spec.ts" time="5.892">
<system-out>
<![CDATA[⌨️  Keyboard Navigation Analysis: {
  focusableElements: [33m13[39m,
  tabOrder: [ [32m'a'[39m, [32m'a'[39m, [32m'a'[39m, [32m'a'[39m, [32m'a'[39m ],
  skipLinks: []
}
]]>
</system-out>
</testcase>
<testcase name="Accessibility Audit › Validate ARIA labels and roles" classname="accessibility-audit.spec.ts" time="5.668">
<system-out>
<![CDATA[🏷️  ARIA Analysis: {
  totalIssues: [33m0[39m,
  missingAltText: [33m0[39m,
  missingLabels: [33m0[39m,
  missingRoles: [33m0[39m
}
]]>
</system-out>
</testcase>
<testcase name="Accessibility Audit › Check heading structure" classname="accessibility-audit.spec.ts" time="5.41">
<system-out>
<![CDATA[📋 Heading Structure Analysis: {
  totalHeadings: [33m8[39m,
  hasH1: [33mtrue[39m,
  orderIssues: [33m1[39m,
  headingLevels: [
    [32m'h1: ...'[39m,
    [32m'h3: Quick Stats...'[39m,
    [32m'h2: ...'[39m,
    [32m'h2: ...'[39m,
    [32m'h2: Core Competencies...'[39m,
    [32m'h3: Product & Strategy...'[39m,
    [32m'h3: Technical & Digital...'[39m,
    [32m'h2: Beyond the Spreadsheets...'[39m
  ]
}
⚠️  Heading Order Issues: [ [32m'Heading level 3 follows h1, skipping levels'[39m ]
]]>
</system-out>
</testcase>
<testcase name="Accessibility Audit › Test color contrast" classname="accessibility-audit.spec.ts" time="5.417">
<failure message="accessibility-audit.spec.ts:110:7 Test color contrast" type="FAILURE">
<![CDATA[  [Google Chrome] › accessibility-audit.spec.ts:110:7 › Accessibility Audit › Test color contrast ──

    Error: expect(received).toBeGreaterThan(expected)

    Expected: > 0
    Received:   0

      125 |
      126 |     // Should check some elements
    > 127 |     expect(contrastResults.length).toBeGreaterThan(0)
          |                                    ^
      128 |   })
      129 |
      130 |   test('Check focus indicators', async () => {
        at /Users/lukashosala/Documents/Claude AI apps/Portfolio by Lukas/tests/production/accessibility-audit.spec.ts:127:36

    attachment #1: screenshot (image/png) ──────────────────────────────────────────────────────────
    ../../test-results/accessibility-audit-Accessibility-Audit-Test-color-contrast-Google-Chrome/test-failed-1.png
    ────────────────────────────────────────────────────────────────────────────────────────────────

    attachment #2: video (video/webm) ──────────────────────────────────────────────────────────────
    ../../test-results/accessibility-audit-Accessibility-Audit-Test-color-contrast-Google-Chrome/video.webm
    ────────────────────────────────────────────────────────────────────────────────────────────────

    Error Context: ../../test-results/accessibility-audit-Accessibility-Audit-Test-color-contrast-Google-Chrome/error-context.md
]]>
</failure>
<system-out>
<![CDATA[🎨 Color Contrast Analysis: { elementsChecked: [33m0[39m, potentialIssues: [33m0[39m }

[[ATTACHMENT|../test-results/accessibility-audit-Accessibility-Audit-Test-color-contrast-Google-Chrome/test-failed-1.png]]

[[ATTACHMENT|../test-results/accessibility-audit-Accessibility-Audit-Test-color-contrast-Google-Chrome/video.webm]]

[[ATTACHMENT|../test-results/accessibility-audit-Accessibility-Audit-Test-color-contrast-Google-Chrome/error-context.md]]
]]>
</system-out>
</testcase>
<testcase name="Accessibility Audit › Check focus indicators" classname="accessibility-audit.spec.ts" time="2.106">
<system-out>
<![CDATA[🎯 Focus Indicator Analysis: { elementsChecked: [33m10[39m, elementsWithFocus: [33m10[39m, elementsWithoutFocus: [33m0[39m }
]]>
</system-out>
</testcase>
<testcase name="Accessibility Audit › Test with screen reader simulation" classname="accessibility-audit.spec.ts" time="2.179">
<system-out>
<![CDATA[🗣️  Screen Reader Compatibility: {
  landmarksCount: [33m4[39m,
  headingsCount: [33m8[39m,
  listsCount: [33m0[39m,
  imagesWithAlt: [33m0[39m,
  imagesWithoutAlt: [33m0[39m,
  buttonsWithLabels: [33m2[39m,
  linksWithText: [33m11[39m
}
]]>
</system-out>
</testcase>
<testcase name="Accessibility Audit › Mobile accessibility testing" classname="accessibility-audit.spec.ts" time="2.74">
<failure message="accessibility-audit.spec.ts:199:7 Mobile accessibility testing" type="FAILURE">
<![CDATA[  [Google Chrome] › accessibility-audit.spec.ts:199:7 › Accessibility Audit › Mobile accessibility testing 

    Error: expect(received).toBeGreaterThan(expected)

    Expected: > 70
    Received:   0

      232 |     // Most touch targets should meet minimum size requirements
      233 |     const meetsMinimumPercentage = (touchTargets.filter(t => t.meetsMinimum).length / touchTargets.length) * 100
    > 234 |     expect(meetsMinimumPercentage).toBeGreaterThan(70) // At least 70% should meet minimum size
          |                                    ^
      235 |   })
      236 | })
        at /Users/lukashosala/Documents/Claude AI apps/Portfolio by Lukas/tests/production/accessibility-audit.spec.ts:234:36

    attachment #1: screenshot (image/png) ──────────────────────────────────────────────────────────
    ../../test-results/accessibility-audit-Access-5e1d5-obile-accessibility-testing-Google-Chrome/test-failed-1.png
    ────────────────────────────────────────────────────────────────────────────────────────────────

    attachment #2: video (video/webm) ──────────────────────────────────────────────────────────────
    ../../test-results/accessibility-audit-Access-5e1d5-obile-accessibility-testing-Google-Chrome/video.webm
    ────────────────────────────────────────────────────────────────────────────────────────────────

    Error Context: ../../test-results/accessibility-audit-Access-5e1d5-obile-accessibility-testing-Google-Chrome/error-context.md
]]>
</failure>
<system-out>
<![CDATA[📱 Mobile Touch Target Analysis: { elementsChecked: [33m10[39m, meetingMinimum: [33m0[39m, averageSize: [33m12[39m }

[[ATTACHMENT|../test-results/accessibility-audit-Access-5e1d5-obile-accessibility-testing-Google-Chrome/test-failed-1.png]]

[[ATTACHMENT|../test-results/accessibility-audit-Access-5e1d5-obile-accessibility-testing-Google-Chrome/video.webm]]

[[ATTACHMENT|../test-results/accessibility-audit-Access-5e1d5-obile-accessibility-testing-Google-Chrome/error-context.md]]
]]>
</system-out>
</testcase>
</testsuite>
<testsuite name="cross-deployment-comparison.spec.ts" timestamp="2025-09-29T15:48:38.861Z" hostname="Google Chrome" tests="8" failures="3" skipped="0" time="25.09" errors="0">
<testcase name="Cross-Deployment Comparison › Compare About page availability and response codes" classname="cross-deployment-comparison.spec.ts" time="5.137">
<system-out>
<![CDATA[Deployment Comparison: {
  "production": {
    "url": "https://portfolio-by-lukas.vercel.app/about",
    "status": 200,
    "accessible": true
  },
  "preview": {
    "url": "https://portfolio-by-lukas-53leuy2oe-lukas-projects-946e068e.vercel.app/about",
    "status": 401,
    "accessible": false
  }
}
ℹ️  Preview URL is protected by Vercel authentication - this is expected behavior
]]>
</system-out>
</testcase>
<testcase name="Cross-Deployment Comparison › Compare page content structure (production only)" classname="cross-deployment-comparison.spec.ts" time="2.439">
<failure message="cross-deployment-comparison.spec.ts:67:7 Compare page content structure (production only)" type="FAILURE">
<![CDATA[  [Google Chrome] › cross-deployment-comparison.spec.ts:67:7 › Cross-Deployment Comparison › Compare page content structure (production only) 

    Error: locator.isVisible: Error: strict mode violation: locator('[data-section="leadership"], section:has-text("Leadership")') resolved to 3 elements:
        1) <section class="mb-16">…</section> aka locator('section').filter({ hasText: 'Team LeadershipDigital' })
        2) <section class="mb-16">…</section> aka getByText('Core CompetenciesProduct &')
        3) <section class="mb-16">…</section> aka locator('section').filter({ hasText: 'Beyond the SpreadsheetsWhen I' })

    Call log:
        - checking visibility of locator('[data-section="leadership"], section:has-text("Leadership")')


       at ../pages/AboutPage.ts:152

      150 |
      151 |     for (const section of sections) {
    > 152 |       const isVisible = await section.locator.isVisible()
          |                                               ^
      153 |       const content = await section.locator.textContent()
      154 |       const hasImages = await section.locator.locator('img').count() > 0
      155 |       const hasButtons = await section.locator.locator('button').count() > 0
        at AboutPage.checkSectionContent (/Users/lukashosala/Documents/Claude AI apps/Portfolio by Lukas/tests/pages/AboutPage.ts:152:47)
        at /Users/lukashosala/Documents/Claude AI apps/Portfolio by Lukas/tests/production/cross-deployment-comparison.spec.ts:73:27

    attachment #1: screenshot (image/png) ──────────────────────────────────────────────────────────
    ../../test-results/cross-deployment-compariso-ac8e9--structure-production-only--Google-Chrome/test-failed-3.png
    ────────────────────────────────────────────────────────────────────────────────────────────────

    attachment #2: screenshot (image/png) ──────────────────────────────────────────────────────────
    ../../test-results/cross-deployment-compariso-ac8e9--structure-production-only--Google-Chrome/test-failed-2.png
    ────────────────────────────────────────────────────────────────────────────────────────────────

    attachment #3: screenshot (image/png) ──────────────────────────────────────────────────────────
    ../../test-results/cross-deployment-compariso-ac8e9--structure-production-only--Google-Chrome/test-failed-4.png
    ────────────────────────────────────────────────────────────────────────────────────────────────

    attachment #4: screenshot (image/png) ──────────────────────────────────────────────────────────
    ../../test-results/cross-deployment-compariso-ac8e9--structure-production-only--Google-Chrome/test-failed-1.png
    ────────────────────────────────────────────────────────────────────────────────────────────────

    Error Context: ../../test-results/cross-deployment-compariso-ac8e9--structure-production-only--Google-Chrome/error-context.md
]]>
</failure>
<system-out>
<![CDATA[
[[ATTACHMENT|../test-results/cross-deployment-compariso-ac8e9--structure-production-only--Google-Chrome/test-failed-3.png]]

[[ATTACHMENT|../test-results/cross-deployment-compariso-ac8e9--structure-production-only--Google-Chrome/test-failed-2.png]]

[[ATTACHMENT|../test-results/cross-deployment-compariso-ac8e9--structure-production-only--Google-Chrome/test-failed-4.png]]

[[ATTACHMENT|../test-results/cross-deployment-compariso-ac8e9--structure-production-only--Google-Chrome/test-failed-1.png]]

[[ATTACHMENT|../test-results/cross-deployment-compariso-ac8e9--structure-production-only--Google-Chrome/error-context.md]]
]]>
</system-out>
</testcase>
<testcase name="Cross-Deployment Comparison › Verify navigation functionality" classname="cross-deployment-comparison.spec.ts" time="3.549">
<system-out>
<![CDATA[✓ Navigation link / is accessible
✓ Navigation link /about is accessible
✓ Navigation link /skills is accessible
]]>
</system-out>
</testcase>
<testcase name="Cross-Deployment Comparison › Check responsive design" classname="cross-deployment-comparison.spec.ts" time="3.68">
<failure message="cross-deployment-comparison.spec.ts:114:7 Check responsive design" type="FAILURE">
<![CDATA[  [Google Chrome] › cross-deployment-comparison.spec.ts:114:7 › Cross-Deployment Comparison › Check responsive design 

    Error: expect(received).toBe(expected) // Object.is equality

    Expected: true
    Received: false

      129 |     const desktopResult = responsiveResults.find(r => r.viewport === 'desktop')
      130 |
    > 131 |     expect(mobileResult?.mobileMenuVisible).toBe(true)
          |                                             ^
      132 |     expect(desktopResult?.navVisible).toBe(true)
      133 |   })
      134 |
        at /Users/lukashosala/Documents/Claude AI apps/Portfolio by Lukas/tests/production/cross-deployment-comparison.spec.ts:131:45

    attachment #1: screenshot (image/png) ──────────────────────────────────────────────────────────
    ../../test-results/cross-deployment-compariso-c08e8-son-Check-responsive-design-Google-Chrome/test-failed-4.png
    ────────────────────────────────────────────────────────────────────────────────────────────────

    attachment #2: screenshot (image/png) ──────────────────────────────────────────────────────────
    ../../test-results/cross-deployment-compariso-c08e8-son-Check-responsive-design-Google-Chrome/test-failed-1.png
    ────────────────────────────────────────────────────────────────────────────────────────────────

    attachment #3: screenshot (image/png) ──────────────────────────────────────────────────────────
    ../../test-results/cross-deployment-compariso-c08e8-son-Check-responsive-design-Google-Chrome/test-failed-3.png
    ────────────────────────────────────────────────────────────────────────────────────────────────

    attachment #4: screenshot (image/png) ──────────────────────────────────────────────────────────
    ../../test-results/cross-deployment-compariso-c08e8-son-Check-responsive-design-Google-Chrome/test-failed-2.png
    ────────────────────────────────────────────────────────────────────────────────────────────────

    Error Context: ../../test-results/cross-deployment-compariso-c08e8-son-Check-responsive-design-Google-Chrome/error-context.md
]]>
</failure>
<system-out>
<![CDATA[Responsive Design Check: [
  {
    viewport: [32m'mobile'[39m,
    dimensions: [32m'375x667'[39m,
    heroVisible: [33mtrue[39m,
    navVisible: [33mfalse[39m,
    mobileMenuVisible: [33mfalse[39m,
    hasHorizontalScroll: [33mfalse[39m
  },
  {
    viewport: [32m'tablet'[39m,
    dimensions: [32m'768x1024'[39m,
    heroVisible: [33mtrue[39m,
    navVisible: [33mtrue[39m,
    mobileMenuVisible: [33mfalse[39m,
    hasHorizontalScroll: [33mfalse[39m
  },
  {
    viewport: [32m'desktop'[39m,
    dimensions: [32m'1440x900'[39m,
    heroVisible: [33mtrue[39m,
    navVisible: [33mtrue[39m,
    mobileMenuVisible: [33mfalse[39m,
    hasHorizontalScroll: [33mfalse[39m
  }
]

[[ATTACHMENT|../test-results/cross-deployment-compariso-c08e8-son-Check-responsive-design-Google-Chrome/test-failed-4.png]]

[[ATTACHMENT|../test-results/cross-deployment-compariso-c08e8-son-Check-responsive-design-Google-Chrome/test-failed-1.png]]

[[ATTACHMENT|../test-results/cross-deployment-compariso-c08e8-son-Check-responsive-design-Google-Chrome/test-failed-3.png]]

[[ATTACHMENT|../test-results/cross-deployment-compariso-c08e8-son-Check-responsive-design-Google-Chrome/test-failed-2.png]]

[[ATTACHMENT|../test-results/cross-deployment-compariso-c08e8-son-Check-responsive-design-Google-Chrome/error-context.md]]
]]>
</system-out>
</testcase>
<testcase name="Cross-Deployment Comparison › Validate images and media" classname="cross-deployment-comparison.spec.ts" time="2.618">
<failure message="cross-deployment-comparison.spec.ts:135:7 Validate images and media" type="FAILURE">
<![CDATA[  [Google Chrome] › cross-deployment-comparison.spec.ts:135:7 › Cross-Deployment Comparison › Validate images and media 

    Error: expect(received).toBeGreaterThan(expected)

    Expected: > 0
    Received:   0

      156 |     }
      157 |
    > 158 |     expect(imageCheck.length).toBeGreaterThan(0) // Should have some images
          |                               ^
      159 |   })
      160 |
      161 |   test('Test interactive elements', async () => {
        at /Users/lukashosala/Documents/Claude AI apps/Portfolio by Lukas/tests/production/cross-deployment-comparison.spec.ts:158:31

    attachment #1: screenshot (image/png) ──────────────────────────────────────────────────────────
    ../../test-results/cross-deployment-compariso-97e5e-n-Validate-images-and-media-Google-Chrome/test-failed-2.png
    ────────────────────────────────────────────────────────────────────────────────────────────────

    attachment #2: screenshot (image/png) ──────────────────────────────────────────────────────────
    ../../test-results/cross-deployment-compariso-97e5e-n-Validate-images-and-media-Google-Chrome/test-failed-1.png
    ────────────────────────────────────────────────────────────────────────────────────────────────

    Error Context: ../../test-results/cross-deployment-compariso-97e5e-n-Validate-images-and-media-Google-Chrome/error-context.md
]]>
</failure>
<system-out>
<![CDATA[Image Analysis: { totalImages: [33m0[39m, imagesWithAlt: [33m0[39m, loadedImages: [33m0[39m }

[[ATTACHMENT|../test-results/cross-deployment-compariso-97e5e-n-Validate-images-and-media-Google-Chrome/test-failed-2.png]]

[[ATTACHMENT|../test-results/cross-deployment-compariso-97e5e-n-Validate-images-and-media-Google-Chrome/test-failed-1.png]]

[[ATTACHMENT|../test-results/cross-deployment-compariso-97e5e-n-Validate-images-and-media-Google-Chrome/error-context.md]]
]]>
</system-out>
</testcase>
<testcase name="Cross-Deployment Comparison › Test interactive elements" classname="cross-deployment-comparison.spec.ts" time="2.805">
<system-out>
<![CDATA[Theme Toggle Test: {
  initialTheme: [32m'light'[39m,
  newTheme: [32m'light'[39m,
  toggled: [33mfalse[39m,
  toggleExists: [33mfalse[39m
}
Mobile Menu Test: { toggleExists: [33mfalse[39m, menuOpened: [33mfalse[39m, menuClosed: [33mfalse[39m }
]]>
</system-out>
</testcase>
<testcase name="Cross-Deployment Comparison › Check for console errors and warnings" classname="cross-deployment-comparison.spec.ts" time="4.053">
<system-out>
<![CDATA[Console Analysis: { totalMessages: [33m0[39m, errors: [33m0[39m, warnings: [33m0[39m }
]]>
</system-out>
</testcase>
<testcase name="Cross-Deployment Comparison › Compare deployment configuration differences" classname="cross-deployment-comparison.spec.ts" time="0.809">
<system-out>
<![CDATA[🔍 Deployment Analysis: {
  "production": {
    "url": "https://portfolio-by-lukas.vercel.app",
    "description": "Main production deployment",
    "expectedStatus": 200,
    "features": [
      "Full functionality",
      "Public access",
      "SEO optimized"
    ]
  },
  "preview": {
    "url": "https://portfolio-by-lukas-53leuy2oe-lukas-projects-946e068e.vercel.app",
    "description": "Vercel preview deployment with authentication",
    "expectedStatus": 401,
    "features": [
      "Vercel SSO protection",
      "Preview-only access",
      "Not indexed by search engines"
    ],
    "issue": "Protected by Vercel preview authentication system"
  }
}
✅ Preview URL authentication is working as expected (401 response)
✅ Production URL is publicly accessible (200 response)
]]>
</system-out>
</testcase>
</testsuite>
<testsuite name="performance-testing.spec.ts" timestamp="2025-09-29T15:48:38.861Z" hostname="Google Chrome" tests="8" failures="2" skipped="0" time="34.478" errors="0">
<testcase name="Performance Testing › Measure page load performance" classname="performance-testing.spec.ts" time="4.941">
<system-out>
<![CDATA[⚡ Page Performance Metrics: {
  [32m'Load Time'[39m: [32m'0.00ms'[39m,
  [32m'DOM Content Loaded'[39m: [32m'0.00ms'[39m,
  [32m'First Contentful Paint'[39m: [32m'0.00ms'[39m,
  [32m'Network Requests'[39m: [32m'25'[39m,
  [32m'Total Size'[39m: [32m'280.13KB'[39m
}
📊 Total Load Duration: 3862ms
]]>
</system-out>
</testcase>
<testcase name="Performance Testing › Measure Core Web Vitals" classname="performance-testing.spec.ts" time="6.025">
<system-out>
<![CDATA[🎯 Core Web Vitals: {
  [32m'First Contentful Paint'[39m: [32m'Not measured'[39m,
  [32m'Largest Contentful Paint'[39m: [32m'Not measured'[39m,
  [32m'Cumulative Layout Shift'[39m: [32m'Not measured'[39m,
  [32m'First Input Delay'[39m: [32m'Not measured'[39m,
  [32m'Time to First Byte'[39m: [32m'66.20ms'[39m
}
]]>
</system-out>
</testcase>
<testcase name="Performance Testing › Audit network requests" classname="performance-testing.spec.ts" time="0.802">
<failure message="performance-testing.spec.ts:57:7 Audit network requests" type="FAILURE">
<![CDATA[  [Google Chrome] › performance-testing.spec.ts:57:7 › Performance Testing › Audit network requests 

    TypeError: response.timing is not a function

      67 |     aboutPage.page.on('response', async (response) => {
      68 |       const request = response.request()
    > 69 |       const timing = response.timing()
         |                               ^
      70 |
      71 |       try {
      72 |         const body = await response.body()
        at Page.<anonymous> (/Users/lukashosala/Documents/Claude AI apps/Portfolio by Lukas/tests/production/performance-testing.spec.ts:69:31)

    Error: page.goto: Test ended.
    Call log:
      - navigating to "https://portfolio-by-lukas.vercel.app/about", waiting until "load"


       at ../pages/AboutPage.ts:29

      27 |
      28 |   async goto() {
    > 29 |     await this.page.goto('/about')
         |                     ^
      30 |     await this.waitForPageLoad()
      31 |   }
      32 |
        at AboutPage.goto (/Users/lukashosala/Documents/Claude AI apps/Portfolio by Lukas/tests/pages/AboutPage.ts:29:21)
        at /Users/lukashosala/Documents/Claude AI apps/Portfolio by Lukas/tests/production/performance-testing.spec.ts:86:21

    attachment #1: screenshot (image/png) ──────────────────────────────────────────────────────────
    ../../test-results/performance-testing-Perfor-0b658-ting-Audit-network-requests-Google-Chrome/test-failed-1.png
    ────────────────────────────────────────────────────────────────────────────────────────────────

    attachment #2: video (video/webm) ──────────────────────────────────────────────────────────────
    ../../test-results/performance-testing-Perfor-0b658-ting-Audit-network-requests-Google-Chrome/video.webm
    ────────────────────────────────────────────────────────────────────────────────────────────────

    Error Context: ../../test-results/performance-testing-Perfor-0b658-ting-Audit-network-requests-Google-Chrome/error-context.md
]]>
</failure>
<system-out>
<![CDATA[
[[ATTACHMENT|../test-results/performance-testing-Perfor-0b658-ting-Audit-network-requests-Google-Chrome/test-failed-1.png]]

[[ATTACHMENT|../test-results/performance-testing-Perfor-0b658-ting-Audit-network-requests-Google-Chrome/video.webm]]

[[ATTACHMENT|../test-results/performance-testing-Perfor-0b658-ting-Audit-network-requests-Google-Chrome/error-context.md]]
]]>
</system-out>
</testcase>
<testcase name="Performance Testing › Check image optimization" classname="performance-testing.spec.ts" time="2.145">
<system-out>
<![CDATA[🖼️  Image Optimization Analysis: { totalImages: [33m0[39m, lazyLoadedImages: [33m0[39m, issues: [33m0[39m }
]]>
</system-out>
</testcase>
<testcase name="Performance Testing › Performance comparison across viewports" classname="performance-testing.spec.ts" time="10.404">
<failure message="performance-testing.spec.ts:147:7 Performance comparison across viewports" type="FAILURE">
<![CDATA[  [Google Chrome] › performance-testing.spec.ts:147:7 › Performance Testing › Performance comparison across viewports 

    Error: expect(received).toBeLessThan(expected)

    Expected: < 50
    Received:   NaN

      185 |
      186 |       // Mobile shouldn't be significantly slower than desktop
    > 187 |       expect(Math.abs(comparison.loadTime.percentChange)).toBeLessThan(50) // Less than 50% difference
          |                                                           ^
      188 |     }
      189 |
      190 |     // All viewports should meet basic performance criteria
        at /Users/lukashosala/Documents/Claude AI apps/Portfolio by Lukas/tests/production/performance-testing.spec.ts:187:59

    attachment #1: screenshot (image/png) ──────────────────────────────────────────────────────────
    ../../test-results/performance-testing-Perfor-45275-comparison-across-viewports-Google-Chrome/test-failed-1.png
    ────────────────────────────────────────────────────────────────────────────────────────────────

    attachment #2: video (video/webm) ──────────────────────────────────────────────────────────────
    ../../test-results/performance-testing-Perfor-45275-comparison-across-viewports-Google-Chrome/video.webm
    ────────────────────────────────────────────────────────────────────────────────────────────────

    Error Context: ../../test-results/performance-testing-Perfor-45275-comparison-across-viewports-Google-Chrome/error-context.md
]]>
</failure>
<system-out>
<![CDATA[📱 MOBILE Performance: {
  [32m'Load Time'[39m: [32m'0.00ms'[39m,
  [32m'DOM Content Loaded'[39m: [32m'0.00ms'[39m,
  [32m'First Contentful Paint'[39m: [32m'0.00ms'[39m,
  [32m'Network Requests'[39m: [32m'18'[39m,
  [32m'Total Size'[39m: [32m'249.83KB'[39m
}
📱 TABLET Performance: {
  [32m'Load Time'[39m: [32m'0.00ms'[39m,
  [32m'DOM Content Loaded'[39m: [32m'0.00ms'[39m,
  [32m'First Contentful Paint'[39m: [32m'0.00ms'[39m,
  [32m'Network Requests'[39m: [32m'25'[39m,
  [32m'Total Size'[39m: [32m'16.90KB'[39m
}
📱 DESKTOP Performance: {
  [32m'Load Time'[39m: [32m'0.00ms'[39m,
  [32m'DOM Content Loaded'[39m: [32m'0.00ms'[39m,
  [32m'First Contentful Paint'[39m: [32m'0.00ms'[39m,
  [32m'Network Requests'[39m: [32m'25'[39m,
  [32m'Total Size'[39m: [32m'1.76KB'[39m
}
📊 Mobile vs Desktop Comparison: {
  [32m'Load Time Difference'[39m: [32m'0.00ms (NaN%)'[39m,
  [32m'Network Requests Difference'[39m: [32m'7 requests'[39m,
  [32m'Size Difference'[39m: [32m'-248.07KB'[39m
}

[[ATTACHMENT|../test-results/performance-testing-Perfor-45275-comparison-across-viewports-Google-Chrome/test-failed-1.png]]

[[ATTACHMENT|../test-results/performance-testing-Perfor-45275-comparison-across-viewports-Google-Chrome/video.webm]]

[[ATTACHMENT|../test-results/performance-testing-Perfor-45275-comparison-across-viewports-Google-Chrome/error-context.md]]
]]>
</system-out>
</testcase>
<testcase name="Performance Testing › Test caching effectiveness" classname="performance-testing.spec.ts" time="2.811">
<system-out>
<![CDATA[🔄 Caching Analysis: { firstVisit: [32m'2131ms'[39m, secondVisit: [32m'262ms'[39m, improvement: [32m'87.7%'[39m }
]]>
</system-out>
</testcase>
<testcase name="Performance Testing › Memory usage monitoring" classname="performance-testing.spec.ts" time="2.246">
<system-out>
<![CDATA[🧠 Memory Usage: {
  [32m'Used Heap'[39m: [32m'7.35MB'[39m,
  [32m'Total Heap'[39m: [32m'11.39MB'[39m,
  [32m'Heap Limit'[39m: [32m'4095.75MB'[39m
}
]]>
</system-out>
</testcase>
<testcase name="Performance Testing › Third-party script performance impact" classname="performance-testing.spec.ts" time="5.104">
<system-out>
<![CDATA[🌍 Third-Party Analysis: { thirdPartyRequests: [33m0[39m, totalSize: [32m'0.00KB'[39m, domains: [] }
]]>
</system-out>
</testcase>
</testsuite>
</testsuites>